2016-12-28 15:56:18,447 INFO  [main] com.batsw.tor_expert_bundle_controller.service.impl.Bundle getConfiguration Message: Current directory : C:\Users\adria\Documents\InteliJ\TtorExpertBundleController  
2016-12-28 15:56:18,450 INFO  [main] com.batsw.tor_expert_bundle_controller.service.impl.Bundle getConfiguration Message: Reading torchatcfg.json file  
2016-12-28 15:56:18,450 INFO  [main] com.batsw.tor_expert_bundle_controller.service.impl.TorchatConfigReader getConfigurationFile Message: Loading fromC:\Users\adria\Documents\InteliJ\TtorExpertBundleController file: torchatcfg.json  
2016-12-28 15:56:18,451 INFO  [main] com.batsw.tor_expert_bundle_controller.service.impl.TorchatConfigReader getFile Message: Reading file C:\Users\adria\Documents\InteliJ\TtorExpertBundleController\torchatcfg.json  
2016-12-28 15:56:18,455 DEBUG  [main] com.batsw.tor_expert_bundle_controller.service.impl.TorchatcfgParser parse Message: Start parsing JSON data  
2016-12-28 15:56:18,456 DEBUG  [main] com.batsw.tor_expert_bundle_controller.service.impl.TorchatcfgParser extractJsonObject Message: Start creating JSON object  
2016-12-28 15:56:18,458 INFO  [main] com.batsw.tor_expert_bundle_controller.service.impl.TorchatcfgParser extractJsonObject Message: Data   
2016-12-28 15:56:18,463 DEBUG  [main] com.batsw.tor_expert_bundle_controller.service.impl.TorchatcfgParser extractJsonObject Message: Creating JSON object done  
2016-12-28 15:56:18,463 INFO  [main] com.batsw.tor_expert_bundle_controller.service.impl.TorchatcfgParser parse Message: The following setting were found: 
executableName: tor.exe

configurationFilename: torrc

executablePath: .

configurationFilePath:.

hiddenServicePath./hidden_service
  
2016-12-28 15:56:18,463 DEBUG  [main] com.batsw.tor_expert_bundle_controller.service.impl.TorchatcfgParser parse Message: Parsing JSON done  
2016-12-28 15:56:18,464 INFO  [main] com.batsw.tor_expert_bundle_controller.service.impl.Bundle getConfiguration Message: Reading torchatcfg.json file  
2016-12-28 15:56:18,464 INFO  [main] com.batsw.tor_expert_bundle_controller.service.impl.TorchatConfigReader getConfigurationFile Message: Loading fromC:\Users\adria\Documents\InteliJ\TtorExpertBundleController file: torrc  
2016-12-28 15:56:18,465 INFO  [main] com.batsw.tor_expert_bundle_controller.service.impl.TorchatConfigReader getFile Message: Reading file C:\Users\adria\Documents\InteliJ\TtorExpertBundleController\torrc  
2016-12-28 15:56:18,466 INFO  [main] com.batsw.tor_expert_bundle_controller.service.impl.TorrcFileParser parse Message: Extracting information from torrc file  
2016-12-28 15:56:18,468 INFO  [main] com.batsw.tor_expert_bundle_controller.service.impl.TorrcFileParser parse Message: SocksPort 11158  
2016-12-28 15:56:18,468 INFO  [main] com.batsw.tor_expert_bundle_controller.service.impl.TorrcFileParser parse Message: HiddenServiceDir ./Bundle/Data/Tor/hidden_service/  
2016-12-28 15:56:18,468 INFO  [main] com.batsw.tor_expert_bundle_controller.service.impl.TorrcFileParser parse Message: HiddenServicePort 8080  
2016-12-28 15:56:18,469 INFO  [main] com.batsw.tor_expert_bundle_controller.service.impl.FilePathService getTorAbsolutePaths Message: Setting absolute path for bundle  
2016-12-28 15:56:18,471 INFO  [main] com.batsw.tor_expert_bundle_controller.service.impl.HiddenServiceReader getHiddenServiceStatus Message: Hidden service location   
2016-12-28 15:56:18,472 ERROR  [main] com.batsw.tor_expert_bundle_controller.service.impl.HiddenServiceReader getHiddenServiceStatus Message: Hidden Service directory not found verify  torrc file  
2016-12-28 15:56:18,473 WARN  [main] com.batsw.tor_expert_bundle_controller.service.impl.Bundle run Message: New hostname will be assigned  
2016-12-28 15:56:18,474 ERROR  [main] com.batsw.tor_expert_bundle_controller.service.impl.Bundle run Message: Unable to start bundle  
2016-12-28 15:56:23,474 ERROR  [main] Main main Message: Application stopped: null  
2016-12-28 15:57:02,920 INFO  [main] com.batsw.tor_expert_bundle_controller.service.impl.Bundle getConfiguration Message: Current directory : C:\Users\adria\Documents\InteliJ\TtorExpertBundleController  
2016-12-28 15:57:02,924 INFO  [main] com.batsw.tor_expert_bundle_controller.service.impl.Bundle getConfiguration Message: Reading torchatcfg.json file  
2016-12-28 15:57:02,924 INFO  [main] com.batsw.tor_expert_bundle_controller.service.impl.TorchatConfigReader getConfigurationFile Message: Loading fromC:\Users\adria\Documents\InteliJ\TtorExpertBundleController file: torchatcfg.json  
2016-12-28 15:57:02,925 INFO  [main] com.batsw.tor_expert_bundle_controller.service.impl.TorchatConfigReader getFile Message: Reading file C:\Users\adria\Documents\InteliJ\TtorExpertBundleController\torchatcfg.json  
2016-12-28 15:57:02,928 DEBUG  [main] com.batsw.tor_expert_bundle_controller.service.impl.TorchatcfgParser parse Message: Start parsing JSON data  
2016-12-28 15:57:02,930 DEBUG  [main] com.batsw.tor_expert_bundle_controller.service.impl.TorchatcfgParser extractJsonObject Message: Start creating JSON object  
2016-12-28 15:57:02,931 INFO  [main] com.batsw.tor_expert_bundle_controller.service.impl.TorchatcfgParser extractJsonObject Message: Data   
2016-12-28 15:57:02,938 DEBUG  [main] com.batsw.tor_expert_bundle_controller.service.impl.TorchatcfgParser extractJsonObject Message: Creating JSON object done  
2016-12-28 15:57:02,940 INFO  [main] com.batsw.tor_expert_bundle_controller.service.impl.TorchatcfgParser parse Message: The following setting were found: 
executableName: tor.exe

configurationFilename: torrc

executablePath: .

configurationFilePath:.

hiddenServicePath./hidden_service
  
2016-12-28 15:57:02,940 DEBUG  [main] com.batsw.tor_expert_bundle_controller.service.impl.TorchatcfgParser parse Message: Parsing JSON done  
2016-12-28 15:57:02,940 INFO  [main] com.batsw.tor_expert_bundle_controller.service.impl.Bundle getConfiguration Message: Reading torchatcfg.json file  
2016-12-28 15:57:02,941 INFO  [main] com.batsw.tor_expert_bundle_controller.service.impl.TorchatConfigReader getConfigurationFile Message: Loading fromC:\Users\adria\Documents\InteliJ\TtorExpertBundleController file: torrc  
2016-12-28 15:57:02,942 INFO  [main] com.batsw.tor_expert_bundle_controller.service.impl.TorchatConfigReader getFile Message: Reading file C:\Users\adria\Documents\InteliJ\TtorExpertBundleController\torrc  
2016-12-28 15:57:02,944 INFO  [main] com.batsw.tor_expert_bundle_controller.service.impl.TorrcFileParser parse Message: Extracting information from torrc file  
2016-12-28 15:57:02,945 INFO  [main] com.batsw.tor_expert_bundle_controller.service.impl.TorrcFileParser parse Message: SocksPort 11158  
2016-12-28 15:57:02,946 INFO  [main] com.batsw.tor_expert_bundle_controller.service.impl.TorrcFileParser parse Message: HiddenServiceDir ./Bundle/Data/Tor/hidden_service/  
2016-12-28 15:57:02,946 INFO  [main] com.batsw.tor_expert_bundle_controller.service.impl.TorrcFileParser parse Message: HiddenServicePort 8080  
2016-12-28 15:57:02,947 INFO  [main] com.batsw.tor_expert_bundle_controller.service.impl.FilePathService getTorAbsolutePaths Message: Setting absolute path for bundle  
2016-12-28 15:57:02,949 INFO  [main] com.batsw.tor_expert_bundle_controller.service.impl.HiddenServiceReader getHiddenServiceStatus Message: Hidden service location   
2016-12-28 15:57:04,270 INFO  [main] com.batsw.tor_expert_bundle_controller.service.impl.Bundle run Message: Dec 28 15:57:04.267 [notice] Tor v0.2.8.7 (git-263088633a63982a) running on Windows 8 with Libevent 2.0.22-stable, OpenSSL 1.0.1t and Zlib 1.2.8.  
2016-12-28 15:57:04,271 INFO  [main] com.batsw.tor_expert_bundle_controller.service.impl.Bundle run Message: LOADING  
2016-12-28 15:57:04,271 INFO  [main] com.batsw.tor_expert_bundle_controller.service.impl.Bundle run Message: Dec 28 15:57:04.269 [notice] Tor can't help you if you use it wrong! Learn how to be safe at https://www.torproject.org/download/download#warning  
2016-12-28 15:57:04,271 INFO  [main] com.batsw.tor_expert_bundle_controller.service.impl.Bundle run Message: LOADING  
2016-12-28 15:57:04,290 INFO  [main] com.batsw.tor_expert_bundle_controller.service.impl.Bundle run Message: Dec 28 15:57:04.289 [notice] Read configuration file "C:\Users\adria\Documents\InteliJ\TtorExpertBundleController\torrc".  
2016-12-28 15:57:04,290 INFO  [main] com.batsw.tor_expert_bundle_controller.service.impl.Bundle run Message: LOADING  
2016-12-28 15:57:04,293 INFO  [main] com.batsw.tor_expert_bundle_controller.service.impl.Bundle run Message: Dec 28 15:57:04.293 [warn] Path for GeoIPFile (./Bundle/Data/Tor/geoip) is relative and will resolve to C:\Users\adria\Documents\InteliJ\TtorExpertBundleController\Bundle\Data\Tor\geoip. Is this what you wanted?  
2016-12-28 15:57:04,293 INFO  [main] com.batsw.tor_expert_bundle_controller.service.impl.Bundle run Message: LOADING  
2016-12-28 15:57:04,293 INFO  [main] com.batsw.tor_expert_bundle_controller.service.impl.Bundle run Message: Dec 28 15:57:04.293 [warn] Path for GeoIPv6File (./Bundle/Data/Tor/geoip6) is relative and will resolve to C:\Users\adria\Documents\InteliJ\TtorExpertBundleController\Bundle\Data\Tor\geoip6. Is this what you wanted?  
2016-12-28 15:57:04,294 INFO  [main] com.batsw.tor_expert_bundle_controller.service.impl.Bundle run Message: LOADING  
2016-12-28 15:57:04,294 INFO  [main] com.batsw.tor_expert_bundle_controller.service.impl.Bundle run Message: Dec 28 15:57:04.293 [warn] Path for DataDirectory (./Bundle/Data/Tor) is relative and will resolve to C:\Users\adria\Documents\InteliJ\TtorExpertBundleController\Bundle\Data\Tor. Is this what you wanted?  
2016-12-28 15:57:04,295 INFO  [main] com.batsw.tor_expert_bundle_controller.service.impl.Bundle run Message: LOADING  
2016-12-28 15:57:04,295 INFO  [main] com.batsw.tor_expert_bundle_controller.service.impl.Bundle run Message: Dec 28 15:57:04.293 [warn] Path for HiddenServiceDir (./Bundle/Data/Tor/hidden_service/) is relative and will resolve to C:\Users\adria\Documents\InteliJ\TtorExpertBundleController\Bundle\Data\Tor\hidden_service\. Is this what you wanted?  
2016-12-28 15:57:04,295 INFO  [main] com.batsw.tor_expert_bundle_controller.service.impl.Bundle run Message: LOADING  
2016-12-28 15:57:04,299 INFO  [main] com.batsw.tor_expert_bundle_controller.service.impl.Bundle run Message: Dec 28 15:57:04.299 [notice] Opening Socks listener on 127.0.0.1:11158  
2016-12-28 15:57:04,300 INFO  [main] com.batsw.tor_expert_bundle_controller.service.impl.Bundle run Message: LOADING  
2016-12-28 15:57:04,300 INFO  [main] com.batsw.tor_expert_bundle_controller.service.impl.Bundle run Message: Dec 28 15:57:04.299 [warn] Could not bind to 127.0.0.1:11158: Address already in use [WSAEADDRINUSE ]. Is Tor already running?  
2016-12-28 15:57:04,300 INFO  [main] com.batsw.tor_expert_bundle_controller.service.impl.Bundle run Message: LOADING  
2016-12-28 15:57:04,300 INFO  [main] com.batsw.tor_expert_bundle_controller.service.impl.Bundle run Message: Dec 28 15:57:04.299 [warn] Failed to parse/validate config: Failed to bind one of the listener ports.  
2016-12-28 15:57:04,301 INFO  [main] com.batsw.tor_expert_bundle_controller.service.impl.Bundle run Message: LOADING  
2016-12-28 15:57:04,301 INFO  [main] com.batsw.tor_expert_bundle_controller.service.impl.Bundle run Message: Dec 28 15:57:04.299 [err] Reading config failed--see warnings above.  
2016-12-28 15:57:04,301 INFO  [main] com.batsw.tor_expert_bundle_controller.service.impl.Bundle run Message: ERROR  
2016-12-28 15:57:04,302 INFO  [main] com.batsw.tor_expert_bundle_controller.service.impl.Bundle run Message: Error  
2016-12-28 15:57:33,309 INFO  [main] com.batsw.tor_expert_bundle_controller.service.impl.Bundle getConfiguration Message: Current directory : C:\Users\adria\Documents\InteliJ\TtorExpertBundleController  
2016-12-28 15:57:33,311 INFO  [main] com.batsw.tor_expert_bundle_controller.service.impl.Bundle getConfiguration Message: Reading torchatcfg.json file  
2016-12-28 15:57:33,312 INFO  [main] com.batsw.tor_expert_bundle_controller.service.impl.TorchatConfigReader getConfigurationFile Message: Loading fromC:\Users\adria\Documents\InteliJ\TtorExpertBundleController file: torchatcfg.json  
2016-12-28 15:57:33,312 INFO  [main] com.batsw.tor_expert_bundle_controller.service.impl.TorchatConfigReader getFile Message: Reading file C:\Users\adria\Documents\InteliJ\TtorExpertBundleController\torchatcfg.json  
2016-12-28 15:57:33,317 DEBUG  [main] com.batsw.tor_expert_bundle_controller.service.impl.TorchatcfgParser parse Message: Start parsing JSON data  
2016-12-28 15:57:33,319 DEBUG  [main] com.batsw.tor_expert_bundle_controller.service.impl.TorchatcfgParser extractJsonObject Message: Start creating JSON object  
2016-12-28 15:57:33,321 INFO  [main] com.batsw.tor_expert_bundle_controller.service.impl.TorchatcfgParser extractJsonObject Message: Data   
2016-12-28 15:57:33,328 DEBUG  [main] com.batsw.tor_expert_bundle_controller.service.impl.TorchatcfgParser extractJsonObject Message: Creating JSON object done  
2016-12-28 15:57:33,328 INFO  [main] com.batsw.tor_expert_bundle_controller.service.impl.TorchatcfgParser parse Message: The following setting were found: 
executableName: tor.exe

configurationFilename: torrc

executablePath: .

configurationFilePath:.

hiddenServicePath./hidden_service
  
2016-12-28 15:57:33,329 DEBUG  [main] com.batsw.tor_expert_bundle_controller.service.impl.TorchatcfgParser parse Message: Parsing JSON done  
2016-12-28 15:57:33,329 INFO  [main] com.batsw.tor_expert_bundle_controller.service.impl.Bundle getConfiguration Message: Reading torchatcfg.json file  
2016-12-28 15:57:33,329 INFO  [main] com.batsw.tor_expert_bundle_controller.service.impl.TorchatConfigReader getConfigurationFile Message: Loading fromC:\Users\adria\Documents\InteliJ\TtorExpertBundleController file: torrc  
2016-12-28 15:57:33,329 INFO  [main] com.batsw.tor_expert_bundle_controller.service.impl.TorchatConfigReader getFile Message: Reading file C:\Users\adria\Documents\InteliJ\TtorExpertBundleController\torrc  
2016-12-28 15:57:33,331 INFO  [main] com.batsw.tor_expert_bundle_controller.service.impl.TorrcFileParser parse Message: Extracting information from torrc file  
2016-12-28 15:57:33,332 INFO  [main] com.batsw.tor_expert_bundle_controller.service.impl.TorrcFileParser parse Message: SocksPort 11158  
2016-12-28 15:57:33,332 INFO  [main] com.batsw.tor_expert_bundle_controller.service.impl.TorrcFileParser parse Message: HiddenServiceDir ./Bundle/Data/Tor/hidden_service/  
2016-12-28 15:57:33,333 INFO  [main] com.batsw.tor_expert_bundle_controller.service.impl.TorrcFileParser parse Message: HiddenServicePort 8080  
2016-12-28 15:57:33,334 INFO  [main] com.batsw.tor_expert_bundle_controller.service.impl.FilePathService getTorAbsolutePaths Message: Setting absolute path for bundle  
2016-12-28 15:57:33,335 INFO  [main] com.batsw.tor_expert_bundle_controller.service.impl.HiddenServiceReader getHiddenServiceStatus Message: Hidden service location   
2016-12-28 15:57:34,508 INFO  [main] com.batsw.tor_expert_bundle_controller.service.impl.Bundle run Message: Dec 28 15:57:34.506 [notice] Tor v0.2.8.7 (git-263088633a63982a) running on Windows 8 with Libevent 2.0.22-stable, OpenSSL 1.0.1t and Zlib 1.2.8.  
2016-12-28 15:57:34,508 INFO  [main] com.batsw.tor_expert_bundle_controller.service.impl.Bundle run Message: LOADING  
2016-12-28 15:57:34,509 INFO  [main] com.batsw.tor_expert_bundle_controller.service.impl.Bundle run Message: Dec 28 15:57:34.507 [notice] Tor can't help you if you use it wrong! Learn how to be safe at https://www.torproject.org/download/download#warning  
2016-12-28 15:57:34,509 INFO  [main] com.batsw.tor_expert_bundle_controller.service.impl.Bundle run Message: LOADING  
2016-12-28 15:57:34,524 INFO  [main] com.batsw.tor_expert_bundle_controller.service.impl.Bundle run Message: Dec 28 15:57:34.524 [notice] Read configuration file "C:\Users\adria\Documents\InteliJ\TtorExpertBundleController\torrc".  
2016-12-28 15:57:34,524 INFO  [main] com.batsw.tor_expert_bundle_controller.service.impl.Bundle run Message: LOADING  
2016-12-28 15:57:34,527 INFO  [main] com.batsw.tor_expert_bundle_controller.service.impl.Bundle run Message: Dec 28 15:57:34.527 [warn] Path for GeoIPFile (./Bundle/Data/Tor/geoip) is relative and will resolve to C:\Users\adria\Documents\InteliJ\TtorExpertBundleController\Bundle\Data\Tor\geoip. Is this what you wanted?  
2016-12-28 15:57:34,527 INFO  [main] com.batsw.tor_expert_bundle_controller.service.impl.Bundle run Message: LOADING  
2016-12-28 15:57:34,527 INFO  [main] com.batsw.tor_expert_bundle_controller.service.impl.Bundle run Message: Dec 28 15:57:34.527 [warn] Path for GeoIPv6File (./Bundle/Data/Tor/geoip6) is relative and will resolve to C:\Users\adria\Documents\InteliJ\TtorExpertBundleController\Bundle\Data\Tor\geoip6. Is this what you wanted?  
2016-12-28 15:57:34,528 INFO  [main] com.batsw.tor_expert_bundle_controller.service.impl.Bundle run Message: LOADING  
2016-12-28 15:57:34,529 INFO  [main] com.batsw.tor_expert_bundle_controller.service.impl.Bundle run Message: Dec 28 15:57:34.527 [warn] Path for DataDirectory (./Bundle/Data/Tor) is relative and will resolve to C:\Users\adria\Documents\InteliJ\TtorExpertBundleController\Bundle\Data\Tor. Is this what you wanted?  
2016-12-28 15:57:34,529 INFO  [main] com.batsw.tor_expert_bundle_controller.service.impl.Bundle run Message: LOADING  
2016-12-28 15:57:34,529 INFO  [main] com.batsw.tor_expert_bundle_controller.service.impl.Bundle run Message: Dec 28 15:57:34.527 [warn] Path for HiddenServiceDir (./Bundle/Data/Tor/hidden_service/) is relative and will resolve to C:\Users\adria\Documents\InteliJ\TtorExpertBundleController\Bundle\Data\Tor\hidden_service\. Is this what you wanted?  
2016-12-28 15:57:34,530 INFO  [main] com.batsw.tor_expert_bundle_controller.service.impl.Bundle run Message: LOADING  
2016-12-28 15:57:34,533 INFO  [main] com.batsw.tor_expert_bundle_controller.service.impl.Bundle run Message: Dec 28 15:57:34.533 [notice] Opening Socks listener on 127.0.0.1:11158  
2016-12-28 15:57:34,533 INFO  [main] com.batsw.tor_expert_bundle_controller.service.impl.Bundle run Message: LOADING  
2016-12-28 15:57:34,545 INFO  [main] com.batsw.tor_expert_bundle_controller.service.impl.Bundle run Message: Dec 28 15:57:34.000 [notice] Parsing GEOIP IPv4 file ./Bundle/Data/Tor/geoip.  
2016-12-28 15:57:34,545 INFO  [main] com.batsw.tor_expert_bundle_controller.service.impl.Bundle run Message: LOADING  
2016-12-28 15:57:34,710 INFO  [main] com.batsw.tor_expert_bundle_controller.service.impl.Bundle run Message: Dec 28 15:57:34.000 [notice] Parsing GEOIP IPv6 file ./Bundle/Data/Tor/geoip6.  
2016-12-28 15:57:34,711 INFO  [main] com.batsw.tor_expert_bundle_controller.service.impl.Bundle run Message: LOADING  
2016-12-28 15:57:34,894 INFO  [main] com.batsw.tor_expert_bundle_controller.service.impl.Bundle run Message: Dec 28 15:57:34.000 [notice] Bootstrapped 0%: Starting  
2016-12-28 15:57:34,895 INFO  [main] com.batsw.tor_expert_bundle_controller.service.impl.Bundle run Message: LOADING  
2016-12-28 15:57:35,519 INFO  [main] com.batsw.tor_expert_bundle_controller.service.impl.Bundle run Message: Dec 28 15:57:35.000 [notice] Bootstrapped 80%: Connecting to the Tor network  
2016-12-28 15:57:35,519 INFO  [main] com.batsw.tor_expert_bundle_controller.service.impl.Bundle run Message: LOADING  
2016-12-28 15:57:40,160 INFO  [main] com.batsw.tor_expert_bundle_controller.service.impl.Bundle run Message: Dec 28 15:57:40.000 [notice] Bootstrapped 85%: Finishing handshake with first hop  
2016-12-28 15:57:40,161 INFO  [main] com.batsw.tor_expert_bundle_controller.service.impl.Bundle run Message: LOADING  
2016-12-28 15:57:40,312 INFO  [main] com.batsw.tor_expert_bundle_controller.service.impl.Bundle run Message: Dec 28 15:57:40.000 [notice] Bootstrapped 90%: Establishing a Tor circuit  
2016-12-28 15:57:40,313 INFO  [main] com.batsw.tor_expert_bundle_controller.service.impl.Bundle run Message: LOADING  
2016-12-28 15:57:40,544 INFO  [main] com.batsw.tor_expert_bundle_controller.service.impl.Bundle run Message: Dec 28 15:57:40.000 [notice] Tor has successfully opened a circuit. Looks like client functionality is working.  
2016-12-28 15:57:40,544 INFO  [main] com.batsw.tor_expert_bundle_controller.service.impl.Bundle run Message: LOADING  
2016-12-28 15:57:40,544 INFO  [main] com.batsw.tor_expert_bundle_controller.service.impl.Bundle run Message: Dec 28 15:57:40.000 [notice] Bootstrapped 100%: Done  
2016-12-28 15:57:40,544 INFO  [main] com.batsw.tor_expert_bundle_controller.service.impl.Bundle run Message: DONE  
2016-12-28 15:57:40,545 INFO  [main] com.batsw.tor_expert_bundle_controller.service.impl.Bundle run Message: Bundle Started  
2016-12-28 15:57:40,545 INFO  [main] com.batsw.tor_expert_bundle_controller.service.impl.HiddenServiceReader getHiddenServiceStatus Message: Hidden service location   
2016-12-28 15:57:40,545 INFO  [main] com.batsw.tor_expert_bundle_controller.service.impl.HiddenServiceReader getHostname Message: Searching for  file hostname in ./Bundle/Data/Tor/hidden_service/  
2016-12-28 15:57:40,546 DEBUG  [main] com.batsw.tor_expert_bundle_controller.common.FileHandler readFile Message: Reading file: ./Bundle/Data/Tor/hidden_service/\hostname  
2016-12-28 15:57:40,550 INFO  [main] com.batsw.tor_expert_bundle_controller.service.impl.Bundle run Message: hostname value: ecdw3wod4uqaufbk.onion  
2016-12-28 15:59:32,823 INFO  [main] com.batsw.tor_expert_bundle_controller.service.impl.Bundle getConfiguration Message: Current directory : C:\Users\adria\Documents\InteliJ\TtorExpertBundleController  
2016-12-28 15:59:32,826 INFO  [main] com.batsw.tor_expert_bundle_controller.service.impl.Bundle getConfiguration Message: Reading torchatcfg.json file  
2016-12-28 15:59:32,827 INFO  [main] com.batsw.tor_expert_bundle_controller.service.impl.TorchatConfigReader getConfigurationFile Message: Loading fromC:\Users\adria\Documents\InteliJ\TtorExpertBundleController file: torchatcfg.json  
2016-12-28 15:59:32,827 INFO  [main] com.batsw.tor_expert_bundle_controller.service.impl.TorchatConfigReader getFile Message: Reading file C:\Users\adria\Documents\InteliJ\TtorExpertBundleController\torchatcfg.json  
2016-12-28 15:59:32,832 DEBUG  [main] com.batsw.tor_expert_bundle_controller.service.impl.TorchatcfgParser parse Message: Start parsing JSON data  
2016-12-28 15:59:32,834 DEBUG  [main] com.batsw.tor_expert_bundle_controller.service.impl.TorchatcfgParser extractJsonObject Message: Start creating JSON object  
2016-12-28 15:59:32,836 INFO  [main] com.batsw.tor_expert_bundle_controller.service.impl.TorchatcfgParser extractJsonObject Message: Data   
2016-12-28 15:59:32,843 DEBUG  [main] com.batsw.tor_expert_bundle_controller.service.impl.TorchatcfgParser extractJsonObject Message: Creating JSON object done  
2016-12-28 15:59:32,844 INFO  [main] com.batsw.tor_expert_bundle_controller.service.impl.TorchatcfgParser parse Message: The following setting were found: 
executableName: tor.exe

configurationFilename: torrc

executablePath: .

configurationFilePath:.

hiddenServicePath./hidden_service
  
2016-12-28 15:59:32,844 DEBUG  [main] com.batsw.tor_expert_bundle_controller.service.impl.TorchatcfgParser parse Message: Parsing JSON done  
2016-12-28 15:59:32,845 INFO  [main] com.batsw.tor_expert_bundle_controller.service.impl.Bundle getConfiguration Message: Reading torchatcfg.json file  
2016-12-28 15:59:32,845 INFO  [main] com.batsw.tor_expert_bundle_controller.service.impl.TorchatConfigReader getConfigurationFile Message: Loading fromC:\Users\adria\Documents\InteliJ\TtorExpertBundleController file: torrc  
2016-12-28 15:59:32,845 INFO  [main] com.batsw.tor_expert_bundle_controller.service.impl.TorchatConfigReader getFile Message: Reading file C:\Users\adria\Documents\InteliJ\TtorExpertBundleController\torrc  
2016-12-28 15:59:32,847 INFO  [main] com.batsw.tor_expert_bundle_controller.service.impl.TorrcFileParser parse Message: Extracting information from torrc file  
2016-12-28 15:59:32,849 INFO  [main] com.batsw.tor_expert_bundle_controller.service.impl.TorrcFileParser parse Message: SocksPort 11158  
2016-12-28 15:59:32,849 INFO  [main] com.batsw.tor_expert_bundle_controller.service.impl.TorrcFileParser parse Message: HiddenServiceDir ./Bundle/Data/Tor/hidden_service/  
2016-12-28 15:59:32,850 INFO  [main] com.batsw.tor_expert_bundle_controller.service.impl.TorrcFileParser parse Message: HiddenServicePort 8080  
2016-12-28 15:59:32,851 INFO  [main] com.batsw.tor_expert_bundle_controller.service.impl.FilePathService getTorAbsolutePaths Message: Setting absolute path for bundle  
2016-12-28 15:59:32,853 INFO  [main] com.batsw.tor_expert_bundle_controller.service.impl.HiddenServiceReader getHiddenServiceStatus Message: Hidden service location   
2016-12-28 15:59:34,084 INFO  [main] com.batsw.tor_expert_bundle_controller.service.impl.Bundle run Message: Dec 28 15:59:34.082 [notice] Tor v0.2.8.7 (git-263088633a63982a) running on Windows 8 with Libevent 2.0.22-stable, OpenSSL 1.0.1t and Zlib 1.2.8.  
2016-12-28 15:59:34,084 INFO  [main] com.batsw.tor_expert_bundle_controller.service.impl.Bundle run Message: LOADING  
2016-12-28 15:59:34,085 INFO  [main] com.batsw.tor_expert_bundle_controller.service.impl.Bundle run Message: Dec 28 15:59:34.083 [notice] Tor can't help you if you use it wrong! Learn how to be safe at https://www.torproject.org/download/download#warning  
2016-12-28 15:59:34,085 INFO  [main] com.batsw.tor_expert_bundle_controller.service.impl.Bundle run Message: LOADING  
2016-12-28 15:59:34,100 INFO  [main] com.batsw.tor_expert_bundle_controller.service.impl.Bundle run Message: Dec 28 15:59:34.100 [notice] Read configuration file "C:\Users\adria\Documents\InteliJ\TtorExpertBundleController\torrc".  
2016-12-28 15:59:34,100 INFO  [main] com.batsw.tor_expert_bundle_controller.service.impl.Bundle run Message: LOADING  
2016-12-28 15:59:34,103 INFO  [main] com.batsw.tor_expert_bundle_controller.service.impl.Bundle run Message: Dec 28 15:59:34.103 [warn] Path for GeoIPFile (./Bundle/Data/Tor/geoip) is relative and will resolve to C:\Users\adria\Documents\InteliJ\TtorExpertBundleController\Bundle\Data\Tor\geoip. Is this what you wanted?  
2016-12-28 15:59:34,104 INFO  [main] com.batsw.tor_expert_bundle_controller.service.impl.Bundle run Message: LOADING  
2016-12-28 15:59:34,104 INFO  [main] com.batsw.tor_expert_bundle_controller.service.impl.Bundle run Message: Dec 28 15:59:34.103 [warn] Path for GeoIPv6File (./Bundle/Data/Tor/geoip6) is relative and will resolve to C:\Users\adria\Documents\InteliJ\TtorExpertBundleController\Bundle\Data\Tor\geoip6. Is this what you wanted?  
2016-12-28 15:59:34,104 INFO  [main] com.batsw.tor_expert_bundle_controller.service.impl.Bundle run Message: LOADING  
2016-12-28 15:59:34,105 INFO  [main] com.batsw.tor_expert_bundle_controller.service.impl.Bundle run Message: Dec 28 15:59:34.103 [warn] Path for DataDirectory (./Bundle/Data/Tor) is relative and will resolve to C:\Users\adria\Documents\InteliJ\TtorExpertBundleController\Bundle\Data\Tor. Is this what you wanted?  
2016-12-28 15:59:34,105 INFO  [main] com.batsw.tor_expert_bundle_controller.service.impl.Bundle run Message: LOADING  
2016-12-28 15:59:34,106 INFO  [main] com.batsw.tor_expert_bundle_controller.service.impl.Bundle run Message: Dec 28 15:59:34.103 [warn] Path for HiddenServiceDir (./Bundle/Data/Tor/hidden_service/) is relative and will resolve to C:\Users\adria\Documents\InteliJ\TtorExpertBundleController\Bundle\Data\Tor\hidden_service\. Is this what you wanted?  
2016-12-28 15:59:34,106 INFO  [main] com.batsw.tor_expert_bundle_controller.service.impl.Bundle run Message: LOADING  
2016-12-28 15:59:34,109 INFO  [main] com.batsw.tor_expert_bundle_controller.service.impl.Bundle run Message: Dec 28 15:59:34.109 [notice] Opening Socks listener on 127.0.0.1:11158  
2016-12-28 15:59:34,109 INFO  [main] com.batsw.tor_expert_bundle_controller.service.impl.Bundle run Message: LOADING  
2016-12-28 15:59:34,122 INFO  [main] com.batsw.tor_expert_bundle_controller.service.impl.Bundle run Message: Dec 28 15:59:34.000 [notice] Parsing GEOIP IPv4 file ./Bundle/Data/Tor/geoip.  
2016-12-28 15:59:34,122 INFO  [main] com.batsw.tor_expert_bundle_controller.service.impl.Bundle run Message: LOADING  
2016-12-28 15:59:34,286 INFO  [main] com.batsw.tor_expert_bundle_controller.service.impl.Bundle run Message: Dec 28 15:59:34.000 [notice] Parsing GEOIP IPv6 file ./Bundle/Data/Tor/geoip6.  
2016-12-28 15:59:34,286 INFO  [main] com.batsw.tor_expert_bundle_controller.service.impl.Bundle run Message: LOADING  
2016-12-28 15:59:34,565 INFO  [main] com.batsw.tor_expert_bundle_controller.service.impl.Bundle run Message: Dec 28 15:59:34.000 [notice] Bootstrapped 0%: Starting  
2016-12-28 15:59:34,566 INFO  [main] com.batsw.tor_expert_bundle_controller.service.impl.Bundle run Message: LOADING  
2016-12-28 15:59:34,899 INFO  [main] com.batsw.tor_expert_bundle_controller.service.impl.Bundle run Message: Dec 28 15:59:34.000 [notice] Bootstrapped 80%: Connecting to the Tor network  
2016-12-28 15:59:34,899 INFO  [main] com.batsw.tor_expert_bundle_controller.service.impl.Bundle run Message: LOADING  
2016-12-28 15:59:39,550 INFO  [main] com.batsw.tor_expert_bundle_controller.service.impl.Bundle run Message: Dec 28 15:59:39.000 [notice] Bootstrapped 85%: Finishing handshake with first hop  
2016-12-28 15:59:39,550 INFO  [main] com.batsw.tor_expert_bundle_controller.service.impl.Bundle run Message: LOADING  
2016-12-28 15:59:39,697 INFO  [main] com.batsw.tor_expert_bundle_controller.service.impl.Bundle run Message: Dec 28 15:59:39.000 [notice] Bootstrapped 90%: Establishing a Tor circuit  
2016-12-28 15:59:39,697 INFO  [main] com.batsw.tor_expert_bundle_controller.service.impl.Bundle run Message: LOADING  
2016-12-28 15:59:39,953 INFO  [main] com.batsw.tor_expert_bundle_controller.service.impl.Bundle run Message: Dec 28 15:59:39.000 [notice] Tor has successfully opened a circuit. Looks like client functionality is working.  
2016-12-28 15:59:39,954 INFO  [main] com.batsw.tor_expert_bundle_controller.service.impl.Bundle run Message: LOADING  
2016-12-28 15:59:39,955 INFO  [main] com.batsw.tor_expert_bundle_controller.service.impl.Bundle run Message: Dec 28 15:59:39.000 [notice] Bootstrapped 100%: Done  
2016-12-28 15:59:39,955 INFO  [main] com.batsw.tor_expert_bundle_controller.service.impl.Bundle run Message: DONE  
2016-12-28 15:59:39,956 INFO  [main] com.batsw.tor_expert_bundle_controller.service.impl.Bundle run Message: Bundle Started  
2016-12-28 15:59:39,957 INFO  [main] com.batsw.tor_expert_bundle_controller.service.impl.HiddenServiceReader getHiddenServiceStatus Message: Hidden service location   
2016-12-28 15:59:39,959 INFO  [main] com.batsw.tor_expert_bundle_controller.service.impl.HiddenServiceReader getHostname Message: Searching for  file hostname in ./Bundle/Data/Tor/hidden_service/  
2016-12-28 15:59:39,960 DEBUG  [main] com.batsw.tor_expert_bundle_controller.common.FileHandler readFile Message: Reading file: ./Bundle/Data/Tor/hidden_service/\hostname  
2016-12-28 15:59:39,975 INFO  [main] com.batsw.tor_expert_bundle_controller.service.impl.Bundle run Message: hostname value: ecdw3wod4uqaufbk.onion  
2016-12-28 22:58:46,785 INFO  [main] com.batsw.tor_expert_bundle_controller.service.impl.Bundle getConfiguration Message: Current directory : C:\Users\adria\Documents\InteliJ\TorExpertBundleController  
2016-12-28 22:58:46,788 INFO  [main] com.batsw.tor_expert_bundle_controller.service.impl.Bundle getConfiguration Message: Reading torchatcfg.json file  
2016-12-28 22:58:46,789 INFO  [main] com.batsw.tor_expert_bundle_controller.service.impl.TorchatConfigReader getConfigurationFile Message: Loading fromC:\Users\adria\Documents\InteliJ\TorExpertBundleController file: torchatcfg.json  
2016-12-28 22:58:46,789 INFO  [main] com.batsw.tor_expert_bundle_controller.service.impl.TorchatConfigReader getFile Message: Reading file C:\Users\adria\Documents\InteliJ\TorExpertBundleController\torchatcfg.json  
2016-12-28 22:58:46,793 DEBUG  [main] com.batsw.tor_expert_bundle_controller.service.impl.TorchatcfgParser parse Message: Start parsing JSON data  
2016-12-28 22:58:46,795 DEBUG  [main] com.batsw.tor_expert_bundle_controller.service.impl.TorchatcfgParser extractJsonObject Message: Start creating JSON object  
2016-12-28 22:58:46,797 INFO  [main] com.batsw.tor_expert_bundle_controller.service.impl.TorchatcfgParser extractJsonObject Message: Data   
2016-12-28 22:58:46,803 DEBUG  [main] com.batsw.tor_expert_bundle_controller.service.impl.TorchatcfgParser extractJsonObject Message: Creating JSON object done  
2016-12-28 22:58:46,803 INFO  [main] com.batsw.tor_expert_bundle_controller.service.impl.TorchatcfgParser parse Message: The following setting were found: 
executableName: tor.exe

configurationFilename: torrc

executablePath: .

configurationFilePath:.

hiddenServicePath./hidden_service
  
2016-12-28 22:58:46,804 DEBUG  [main] com.batsw.tor_expert_bundle_controller.service.impl.TorchatcfgParser parse Message: Parsing JSON done  
2016-12-28 22:58:46,804 INFO  [main] com.batsw.tor_expert_bundle_controller.service.impl.Bundle getConfiguration Message: Reading torchatcfg.json file  
2016-12-28 22:58:46,804 INFO  [main] com.batsw.tor_expert_bundle_controller.service.impl.TorchatConfigReader getConfigurationFile Message: Loading fromC:\Users\adria\Documents\InteliJ\TorExpertBundleController file: torrc  
2016-12-28 22:58:46,804 INFO  [main] com.batsw.tor_expert_bundle_controller.service.impl.TorchatConfigReader getFile Message: Reading file C:\Users\adria\Documents\InteliJ\TorExpertBundleController\torrc  
2016-12-28 22:58:46,806 INFO  [main] com.batsw.tor_expert_bundle_controller.service.impl.TorrcFileParser parse Message: Extracting information from torrc file  
2016-12-28 22:58:46,808 INFO  [main] com.batsw.tor_expert_bundle_controller.service.impl.TorrcFileParser parse Message: SocksPort 11158  
2016-12-28 22:58:46,808 INFO  [main] com.batsw.tor_expert_bundle_controller.service.impl.TorrcFileParser parse Message: HiddenServiceDir ./Bundle/Data/Tor/hidden_service/  
2016-12-28 22:58:46,808 INFO  [main] com.batsw.tor_expert_bundle_controller.service.impl.TorrcFileParser parse Message: HiddenServicePort 8080  
2016-12-28 22:58:46,809 INFO  [main] com.batsw.tor_expert_bundle_controller.service.impl.FilePathService getTorAbsolutePaths Message: Setting absolute path for bundle  
2016-12-28 22:58:46,811 INFO  [main] com.batsw.tor_expert_bundle_controller.service.impl.HiddenServiceReader getHiddenServiceStatus Message: Hidden service location   
2016-12-28 22:58:48,432 INFO  [main] com.batsw.tor_expert_bundle_controller.service.impl.Bundle run Message: Dec 28 22:58:48.429 [notice] Tor v0.2.8.7 (git-263088633a63982a) running on Windows 8 with Libevent 2.0.22-stable, OpenSSL 1.0.1t and Zlib 1.2.8.  
2016-12-28 22:58:48,432 INFO  [main] com.batsw.tor_expert_bundle_controller.service.impl.Bundle run Message: LOADING  
2016-12-28 22:58:48,432 INFO  [main] com.batsw.tor_expert_bundle_controller.service.impl.Bundle run Message: Dec 28 22:58:48.431 [notice] Tor can't help you if you use it wrong! Learn how to be safe at https://www.torproject.org/download/download#warning  
2016-12-28 22:58:48,433 INFO  [main] com.batsw.tor_expert_bundle_controller.service.impl.Bundle run Message: LOADING  
2016-12-28 22:58:48,450 INFO  [main] com.batsw.tor_expert_bundle_controller.service.impl.Bundle run Message: Dec 28 22:58:48.450 [notice] Read configuration file "C:\Users\adria\Documents\InteliJ\TorExpertBundleController\torrc".  
2016-12-28 22:58:48,450 INFO  [main] com.batsw.tor_expert_bundle_controller.service.impl.Bundle run Message: LOADING  
2016-12-28 22:58:48,453 INFO  [main] com.batsw.tor_expert_bundle_controller.service.impl.Bundle run Message: Dec 28 22:58:48.453 [warn] Path for GeoIPFile (./Bundle/Data/Tor/geoip) is relative and will resolve to C:\Users\adria\Documents\InteliJ\TorExpertBundleController\Bundle\Data\Tor\geoip. Is this what you wanted?  
2016-12-28 22:58:48,454 INFO  [main] com.batsw.tor_expert_bundle_controller.service.impl.Bundle run Message: LOADING  
2016-12-28 22:58:48,454 INFO  [main] com.batsw.tor_expert_bundle_controller.service.impl.Bundle run Message: Dec 28 22:58:48.453 [warn] Path for GeoIPv6File (./Bundle/Data/Tor/geoip6) is relative and will resolve to C:\Users\adria\Documents\InteliJ\TorExpertBundleController\Bundle\Data\Tor\geoip6. Is this what you wanted?  
2016-12-28 22:58:48,454 INFO  [main] com.batsw.tor_expert_bundle_controller.service.impl.Bundle run Message: LOADING  
2016-12-28 22:58:48,455 INFO  [main] com.batsw.tor_expert_bundle_controller.service.impl.Bundle run Message: Dec 28 22:58:48.453 [warn] Path for DataDirectory (./Bundle/Data/Tor) is relative and will resolve to C:\Users\adria\Documents\InteliJ\TorExpertBundleController\Bundle\Data\Tor. Is this what you wanted?  
2016-12-28 22:58:48,455 INFO  [main] com.batsw.tor_expert_bundle_controller.service.impl.Bundle run Message: LOADING  
2016-12-28 22:58:48,456 INFO  [main] com.batsw.tor_expert_bundle_controller.service.impl.Bundle run Message: Dec 28 22:58:48.453 [warn] Path for HiddenServiceDir (./Bundle/Data/Tor/hidden_service/) is relative and will resolve to C:\Users\adria\Documents\InteliJ\TorExpertBundleController\Bundle\Data\Tor\hidden_service\. Is this what you wanted?  
2016-12-28 22:58:48,456 INFO  [main] com.batsw.tor_expert_bundle_controller.service.impl.Bundle run Message: LOADING  
2016-12-28 22:58:48,460 INFO  [main] com.batsw.tor_expert_bundle_controller.service.impl.Bundle run Message: Dec 28 22:58:48.460 [notice] Opening Socks listener on 127.0.0.1:11158  
2016-12-28 22:58:48,460 INFO  [main] com.batsw.tor_expert_bundle_controller.service.impl.Bundle run Message: LOADING  
2016-12-28 22:58:48,472 INFO  [main] com.batsw.tor_expert_bundle_controller.service.impl.Bundle run Message: Dec 28 22:58:48.000 [notice] Parsing GEOIP IPv4 file ./Bundle/Data/Tor/geoip.  
2016-12-28 22:58:48,473 INFO  [main] com.batsw.tor_expert_bundle_controller.service.impl.Bundle run Message: LOADING  
2016-12-28 22:58:48,654 INFO  [main] com.batsw.tor_expert_bundle_controller.service.impl.Bundle run Message: Dec 28 22:58:48.000 [notice] Parsing GEOIP IPv6 file ./Bundle/Data/Tor/geoip6.  
2016-12-28 22:58:48,655 INFO  [main] com.batsw.tor_expert_bundle_controller.service.impl.Bundle run Message: LOADING  
2016-12-28 22:58:48,861 INFO  [main] com.batsw.tor_expert_bundle_controller.service.impl.Bundle run Message: Dec 28 22:58:48.000 [notice] Bootstrapped 0%: Starting  
2016-12-28 22:58:48,862 INFO  [main] com.batsw.tor_expert_bundle_controller.service.impl.Bundle run Message: LOADING  
2016-12-28 22:58:49,275 INFO  [main] com.batsw.tor_expert_bundle_controller.service.impl.Bundle run Message: Dec 28 22:58:49.000 [notice] Bootstrapped 80%: Connecting to the Tor network  
2016-12-28 22:58:49,275 INFO  [main] com.batsw.tor_expert_bundle_controller.service.impl.Bundle run Message: LOADING  
2016-12-28 22:58:54,139 INFO  [main] com.batsw.tor_expert_bundle_controller.service.impl.Bundle run Message: Dec 28 22:58:54.000 [notice] Bootstrapped 85%: Finishing handshake with first hop  
2016-12-28 22:58:54,140 INFO  [main] com.batsw.tor_expert_bundle_controller.service.impl.Bundle run Message: LOADING  
2016-12-28 22:58:54,282 INFO  [main] com.batsw.tor_expert_bundle_controller.service.impl.Bundle run Message: Dec 28 22:58:54.000 [notice] Bootstrapped 90%: Establishing a Tor circuit  
2016-12-28 22:58:54,283 INFO  [main] com.batsw.tor_expert_bundle_controller.service.impl.Bundle run Message: LOADING  
2016-12-28 22:58:54,796 INFO  [main] com.batsw.tor_expert_bundle_controller.service.impl.Bundle run Message: Dec 28 22:58:54.000 [notice] Tor has successfully opened a circuit. Looks like client functionality is working.  
2016-12-28 22:58:54,797 INFO  [main] com.batsw.tor_expert_bundle_controller.service.impl.Bundle run Message: LOADING  
2016-12-28 22:58:54,798 INFO  [main] com.batsw.tor_expert_bundle_controller.service.impl.Bundle run Message: Dec 28 22:58:54.000 [notice] Bootstrapped 100%: Done  
2016-12-28 22:58:54,798 INFO  [main] com.batsw.tor_expert_bundle_controller.service.impl.Bundle run Message: DONE  
2016-12-28 22:58:54,799 INFO  [main] com.batsw.tor_expert_bundle_controller.service.impl.Bundle run Message: Bundle Started  
2016-12-28 22:58:54,799 INFO  [main] com.batsw.tor_expert_bundle_controller.service.impl.HiddenServiceReader getHiddenServiceStatus Message: Hidden service location   
2016-12-28 22:58:54,801 INFO  [main] com.batsw.tor_expert_bundle_controller.service.impl.HiddenServiceReader getHostname Message: Searching for  file hostname in ./Bundle/Data/Tor/hidden_service/  
2016-12-28 22:58:54,802 DEBUG  [main] com.batsw.tor_expert_bundle_controller.common.FileHandler readFile Message: Reading file: ./Bundle/Data/Tor/hidden_service/\hostname  
2016-12-28 22:58:54,815 INFO  [main] com.batsw.tor_expert_bundle_controller.service.impl.Bundle run Message: hostname value: ecdw3wod4uqaufbk.onion  
2016-12-29 11:44:15,377 INFO  [main] com.batsw.tor_expert_bundle_controller.service.impl.Bundle getConfiguration Message: Current directory : C:\Users\adria\Documents\InteliJ\TorExpertBundleController  
2016-12-29 11:44:15,408 INFO  [main] com.batsw.tor_expert_bundle_controller.service.impl.Bundle getConfiguration Message: Reading torchatcfg.json file  
2016-12-29 11:44:15,409 INFO  [main] com.batsw.tor_expert_bundle_controller.service.impl.TorchatConfigReader getConfigurationFile Message: Loading fromC:\Users\adria\Documents\InteliJ\TorExpertBundleController file: torchatcfg.json  
2016-12-29 11:44:15,409 INFO  [main] com.batsw.tor_expert_bundle_controller.service.impl.TorchatConfigReader getFile Message: Reading file C:\Users\adria\Documents\InteliJ\TorExpertBundleController\torchatcfg.json  
2016-12-29 11:44:15,415 DEBUG  [main] com.batsw.tor_expert_bundle_controller.service.impl.TorchatcfgParser parse Message: Start parsing JSON data  
2016-12-29 11:44:15,417 DEBUG  [main] com.batsw.tor_expert_bundle_controller.service.impl.TorchatcfgParser extractJsonObject Message: Start creating JSON object  
2016-12-29 11:44:15,435 INFO  [main] com.batsw.tor_expert_bundle_controller.service.impl.TorchatcfgParser extractJsonObject Message: Data   
2016-12-29 11:44:15,445 DEBUG  [main] com.batsw.tor_expert_bundle_controller.service.impl.TorchatcfgParser extractJsonObject Message: Creating JSON object done  
2016-12-29 11:44:15,445 INFO  [main] com.batsw.tor_expert_bundle_controller.service.impl.TorchatcfgParser parse Message: The following setting were found: 
executableName: tor.exe

configurationFilename: torrc

executablePath: .

configurationFilePath:.

hiddenServicePath./hidden_service
  
2016-12-29 11:44:15,445 DEBUG  [main] com.batsw.tor_expert_bundle_controller.service.impl.TorchatcfgParser parse Message: Parsing JSON done  
2016-12-29 11:44:15,446 INFO  [main] com.batsw.tor_expert_bundle_controller.service.impl.Bundle getConfiguration Message: Reading torchatcfg.json file  
2016-12-29 11:44:15,446 INFO  [main] com.batsw.tor_expert_bundle_controller.service.impl.TorchatConfigReader getConfigurationFile Message: Loading fromC:\Users\adria\Documents\InteliJ\TorExpertBundleController file: torrc  
2016-12-29 11:44:15,446 INFO  [main] com.batsw.tor_expert_bundle_controller.service.impl.TorchatConfigReader getFile Message: Reading file C:\Users\adria\Documents\InteliJ\TorExpertBundleController\torrc  
2016-12-29 11:44:15,448 INFO  [main] com.batsw.tor_expert_bundle_controller.service.impl.TorrcFileParser parse Message: Extracting information from torrc file  
2016-12-29 11:44:15,450 INFO  [main] com.batsw.tor_expert_bundle_controller.service.impl.TorrcFileParser parse Message: SocksPort 11158  
2016-12-29 11:44:15,450 INFO  [main] com.batsw.tor_expert_bundle_controller.service.impl.TorrcFileParser parse Message: HiddenServiceDir ./Bundle/Data/Tor/hidden_service/  
2016-12-29 11:44:15,450 INFO  [main] com.batsw.tor_expert_bundle_controller.service.impl.TorrcFileParser parse Message: HiddenServicePort 8080  
2016-12-29 11:44:15,452 INFO  [main] com.batsw.tor_expert_bundle_controller.service.impl.FilePathService getTorAbsolutePaths Message: Setting absolute path for bundle  
2016-12-29 11:44:15,454 INFO  [main] com.batsw.tor_expert_bundle_controller.service.impl.HiddenServiceReader getHiddenServiceStatus Message: Hidden service location   
2016-12-29 11:44:16,677 INFO  [main] com.batsw.tor_expert_bundle_controller.service.impl.Bundle run Message: Dec 29 11:44:16.674 [notice] Tor v0.2.8.7 (git-263088633a63982a) running on Windows 8 with Libevent 2.0.22-stable, OpenSSL 1.0.1t and Zlib 1.2.8.  
2016-12-29 11:44:16,677 INFO  [main] com.batsw.tor_expert_bundle_controller.service.impl.Bundle run Message: LOADING  
2016-12-29 11:44:16,678 INFO  [main] com.batsw.tor_expert_bundle_controller.service.impl.Bundle run Message: Dec 29 11:44:16.676 [notice] Tor can't help you if you use it wrong! Learn how to be safe at https://www.torproject.org/download/download#warning  
2016-12-29 11:44:16,678 INFO  [main] com.batsw.tor_expert_bundle_controller.service.impl.Bundle run Message: LOADING  
2016-12-29 11:44:16,703 INFO  [main] com.batsw.tor_expert_bundle_controller.service.impl.Bundle run Message: Dec 29 11:44:16.703 [notice] Read configuration file "C:\Users\adria\Documents\InteliJ\TorExpertBundleController\torrc".  
2016-12-29 11:44:16,704 INFO  [main] com.batsw.tor_expert_bundle_controller.service.impl.Bundle run Message: LOADING  
2016-12-29 11:44:16,709 INFO  [main] com.batsw.tor_expert_bundle_controller.service.impl.Bundle run Message: Dec 29 11:44:16.709 [warn] Path for GeoIPFile (./Bundle/Data/Tor/geoip) is relative and will resolve to C:\Users\adria\Documents\InteliJ\TorExpertBundleController\Bundle\Data\Tor\geoip. Is this what you wanted?  
2016-12-29 11:44:16,710 INFO  [main] com.batsw.tor_expert_bundle_controller.service.impl.Bundle run Message: LOADING  
2016-12-29 11:44:16,710 INFO  [main] com.batsw.tor_expert_bundle_controller.service.impl.Bundle run Message: Dec 29 11:44:16.709 [warn] Path for GeoIPv6File (./Bundle/Data/Tor/geoip6) is relative and will resolve to C:\Users\adria\Documents\InteliJ\TorExpertBundleController\Bundle\Data\Tor\geoip6. Is this what you wanted?  
2016-12-29 11:44:16,710 INFO  [main] com.batsw.tor_expert_bundle_controller.service.impl.Bundle run Message: LOADING  
2016-12-29 11:44:16,711 INFO  [main] com.batsw.tor_expert_bundle_controller.service.impl.Bundle run Message: Dec 29 11:44:16.709 [warn] Path for DataDirectory (./Bundle/Data/Tor) is relative and will resolve to C:\Users\adria\Documents\InteliJ\TorExpertBundleController\Bundle\Data\Tor. Is this what you wanted?  
2016-12-29 11:44:16,711 INFO  [main] com.batsw.tor_expert_bundle_controller.service.impl.Bundle run Message: LOADING  
2016-12-29 11:44:16,711 INFO  [main] com.batsw.tor_expert_bundle_controller.service.impl.Bundle run Message: Dec 29 11:44:16.709 [warn] Path for HiddenServiceDir (./Bundle/Data/Tor/hidden_service/) is relative and will resolve to C:\Users\adria\Documents\InteliJ\TorExpertBundleController\Bundle\Data\Tor\hidden_service\. Is this what you wanted?  
2016-12-29 11:44:16,712 INFO  [main] com.batsw.tor_expert_bundle_controller.service.impl.Bundle run Message: LOADING  
2016-12-29 11:44:16,733 INFO  [main] com.batsw.tor_expert_bundle_controller.service.impl.Bundle run Message: Dec 29 11:44:16.732 [notice] Opening Socks listener on 127.0.0.1:11158  
2016-12-29 11:44:16,734 INFO  [main] com.batsw.tor_expert_bundle_controller.service.impl.Bundle run Message: LOADING  
2016-12-29 11:44:16,771 INFO  [main] com.batsw.tor_expert_bundle_controller.service.impl.Bundle run Message: Dec 29 11:44:16.000 [notice] Parsing GEOIP IPv4 file ./Bundle/Data/Tor/geoip.  
2016-12-29 11:44:16,772 INFO  [main] com.batsw.tor_expert_bundle_controller.service.impl.Bundle run Message: LOADING  
2016-12-29 11:44:16,981 INFO  [main] com.batsw.tor_expert_bundle_controller.service.impl.Bundle run Message: Dec 29 11:44:16.000 [notice] Parsing GEOIP IPv6 file ./Bundle/Data/Tor/geoip6.  
2016-12-29 11:44:16,981 INFO  [main] com.batsw.tor_expert_bundle_controller.service.impl.Bundle run Message: LOADING  
2016-12-29 11:44:17,156 INFO  [main] com.batsw.tor_expert_bundle_controller.service.impl.Bundle run Message: Dec 29 11:44:17.000 [notice] Bootstrapped 0%: Starting  
2016-12-29 11:44:17,156 INFO  [main] com.batsw.tor_expert_bundle_controller.service.impl.Bundle run Message: LOADING  
2016-12-29 11:44:17,638 INFO  [main] com.batsw.tor_expert_bundle_controller.service.impl.Bundle run Message: Dec 29 11:44:17.000 [notice] Bootstrapped 80%: Connecting to the Tor network  
2016-12-29 11:44:17,638 INFO  [main] com.batsw.tor_expert_bundle_controller.service.impl.Bundle run Message: LOADING  
2016-12-29 11:44:22,325 INFO  [main] com.batsw.tor_expert_bundle_controller.service.impl.Bundle run Message: Dec 29 11:44:22.000 [notice] Bootstrapped 85%: Finishing handshake with first hop  
2016-12-29 11:44:22,325 INFO  [main] com.batsw.tor_expert_bundle_controller.service.impl.Bundle run Message: LOADING  
2016-12-29 11:44:22,494 INFO  [main] com.batsw.tor_expert_bundle_controller.service.impl.Bundle run Message: Dec 29 11:44:22.000 [notice] Bootstrapped 90%: Establishing a Tor circuit  
2016-12-29 11:44:22,494 INFO  [main] com.batsw.tor_expert_bundle_controller.service.impl.Bundle run Message: LOADING  
2016-12-29 11:44:22,825 INFO  [main] com.batsw.tor_expert_bundle_controller.service.impl.Bundle run Message: Dec 29 11:44:22.000 [notice] Tor has successfully opened a circuit. Looks like client functionality is working.  
2016-12-29 11:44:22,826 INFO  [main] com.batsw.tor_expert_bundle_controller.service.impl.Bundle run Message: LOADING  
2016-12-29 11:44:22,827 INFO  [main] com.batsw.tor_expert_bundle_controller.service.impl.Bundle run Message: Dec 29 11:44:22.000 [notice] Bootstrapped 100%: Done  
2016-12-29 11:44:22,828 INFO  [main] com.batsw.tor_expert_bundle_controller.service.impl.Bundle run Message: DONE  
2016-12-29 11:44:22,828 INFO  [main] com.batsw.tor_expert_bundle_controller.service.impl.Bundle run Message: Bundle Started  
2016-12-29 11:44:22,829 INFO  [main] com.batsw.tor_expert_bundle_controller.service.impl.HiddenServiceReader getHiddenServiceStatus Message: Hidden service location   
2016-12-29 11:44:22,832 INFO  [main] com.batsw.tor_expert_bundle_controller.service.impl.HiddenServiceReader getHostname Message: Searching for  file hostname in ./Bundle/Data/Tor/hidden_service/  
2016-12-29 11:44:22,833 DEBUG  [main] com.batsw.tor_expert_bundle_controller.common.FileHandler readFile Message: Reading file: ./Bundle/Data/Tor/hidden_service/\hostname  
2016-12-29 11:44:22,871 INFO  [main] com.batsw.tor_expert_bundle_controller.service.impl.Bundle run Message: hostname value: ecdw3wod4uqaufbk.onion  
2016-12-29 11:48:25,740 INFO  [main] com.batsw.tor_expert_bundle_controller.service.impl.Bundle getConfiguration Message: Current directory : C:\Users\adria\Documents\InteliJ\TorExpertBundleController  
2016-12-29 11:48:25,743 INFO  [main] com.batsw.tor_expert_bundle_controller.service.impl.Bundle getConfiguration Message: Reading torchatcfg.json file  
2016-12-29 11:48:25,743 INFO  [main] com.batsw.tor_expert_bundle_controller.service.impl.TorchatConfigReader getConfigurationFile Message: Loading fromC:\Users\adria\Documents\InteliJ\TorExpertBundleController file: torchatcfg.json  
2016-12-29 11:48:25,744 INFO  [main] com.batsw.tor_expert_bundle_controller.service.impl.TorchatConfigReader getFile Message: Reading file C:\Users\adria\Documents\InteliJ\TorExpertBundleController\torchatcfg.json  
2016-12-29 11:48:25,748 DEBUG  [main] com.batsw.tor_expert_bundle_controller.service.impl.TorchatcfgParser parse Message: Start parsing JSON data  
2016-12-29 11:48:25,750 DEBUG  [main] com.batsw.tor_expert_bundle_controller.service.impl.TorchatcfgParser extractJsonObject Message: Start creating JSON object  
2016-12-29 11:48:25,751 INFO  [main] com.batsw.tor_expert_bundle_controller.service.impl.TorchatcfgParser extractJsonObject Message: Data   
2016-12-29 11:48:25,758 DEBUG  [main] com.batsw.tor_expert_bundle_controller.service.impl.TorchatcfgParser extractJsonObject Message: Creating JSON object done  
2016-12-29 11:48:25,758 INFO  [main] com.batsw.tor_expert_bundle_controller.service.impl.TorchatcfgParser parse Message: The following setting were found: 
executableName: tor.exe

configurationFilename: torrc

executablePath: .

configurationFilePath:.

hiddenServicePath./hidden_service
  
2016-12-29 11:48:25,759 DEBUG  [main] com.batsw.tor_expert_bundle_controller.service.impl.TorchatcfgParser parse Message: Parsing JSON done  
2016-12-29 11:48:25,759 INFO  [main] com.batsw.tor_expert_bundle_controller.service.impl.Bundle getConfiguration Message: Reading torchatcfg.json file  
2016-12-29 11:48:25,759 INFO  [main] com.batsw.tor_expert_bundle_controller.service.impl.TorchatConfigReader getConfigurationFile Message: Loading fromC:\Users\adria\Documents\InteliJ\TorExpertBundleController file: torrc  
2016-12-29 11:48:25,760 INFO  [main] com.batsw.tor_expert_bundle_controller.service.impl.TorchatConfigReader getFile Message: Reading file C:\Users\adria\Documents\InteliJ\TorExpertBundleController\torrc  
2016-12-29 11:48:25,761 INFO  [main] com.batsw.tor_expert_bundle_controller.service.impl.TorrcFileParser parse Message: Extracting information from torrc file  
2016-12-29 11:48:25,763 INFO  [main] com.batsw.tor_expert_bundle_controller.service.impl.TorrcFileParser parse Message: SocksPort 11158  
2016-12-29 11:48:25,763 INFO  [main] com.batsw.tor_expert_bundle_controller.service.impl.TorrcFileParser parse Message: HiddenServiceDir ./Bundle/Data/Tor/hidden_service/  
2016-12-29 11:48:25,763 INFO  [main] com.batsw.tor_expert_bundle_controller.service.impl.TorrcFileParser parse Message: HiddenServicePort 8080  
2016-12-29 11:48:25,764 INFO  [main] com.batsw.tor_expert_bundle_controller.service.impl.FilePathService getTorAbsolutePaths Message: Setting absolute path for bundle  
2016-12-29 11:48:25,766 INFO  [main] com.batsw.tor_expert_bundle_controller.service.impl.HiddenServiceReader getHiddenServiceStatus Message: Hidden service location   
2016-12-29 11:48:27,211 INFO  [main] com.batsw.tor_expert_bundle_controller.service.impl.Bundle run Message: Dec 29 11:48:27.208 [notice] Tor v0.2.8.7 (git-263088633a63982a) running on Windows 8 with Libevent 2.0.22-stable, OpenSSL 1.0.1t and Zlib 1.2.8.  
2016-12-29 11:48:27,212 INFO  [main] com.batsw.tor_expert_bundle_controller.service.impl.Bundle run Message: LOADING  
2016-12-29 11:48:27,212 INFO  [main] com.batsw.tor_expert_bundle_controller.service.impl.Bundle run Message: Dec 29 11:48:27.210 [notice] Tor can't help you if you use it wrong! Learn how to be safe at https://www.torproject.org/download/download#warning  
2016-12-29 11:48:27,212 INFO  [main] com.batsw.tor_expert_bundle_controller.service.impl.Bundle run Message: LOADING  
2016-12-29 11:48:27,230 INFO  [main] com.batsw.tor_expert_bundle_controller.service.impl.Bundle run Message: Dec 29 11:48:27.230 [notice] Read configuration file "C:\Users\adria\Documents\InteliJ\TorExpertBundleController\torrc".  
2016-12-29 11:48:27,230 INFO  [main] com.batsw.tor_expert_bundle_controller.service.impl.Bundle run Message: LOADING  
2016-12-29 11:48:27,235 INFO  [main] com.batsw.tor_expert_bundle_controller.service.impl.Bundle run Message: Dec 29 11:48:27.235 [warn] Path for GeoIPFile (./Bundle/Data/Tor/geoip) is relative and will resolve to C:\Users\adria\Documents\InteliJ\TorExpertBundleController\Bundle\Data\Tor\geoip. Is this what you wanted?  
2016-12-29 11:48:27,235 INFO  [main] com.batsw.tor_expert_bundle_controller.service.impl.Bundle run Message: LOADING  
2016-12-29 11:48:27,235 INFO  [main] com.batsw.tor_expert_bundle_controller.service.impl.Bundle run Message: Dec 29 11:48:27.235 [warn] Path for GeoIPv6File (./Bundle/Data/Tor/geoip6) is relative and will resolve to C:\Users\adria\Documents\InteliJ\TorExpertBundleController\Bundle\Data\Tor\geoip6. Is this what you wanted?  
2016-12-29 11:48:27,236 INFO  [main] com.batsw.tor_expert_bundle_controller.service.impl.Bundle run Message: LOADING  
2016-12-29 11:48:27,237 INFO  [main] com.batsw.tor_expert_bundle_controller.service.impl.Bundle run Message: Dec 29 11:48:27.235 [warn] Path for DataDirectory (./Bundle/Data/Tor) is relative and will resolve to C:\Users\adria\Documents\InteliJ\TorExpertBundleController\Bundle\Data\Tor. Is this what you wanted?  
2016-12-29 11:48:27,237 INFO  [main] com.batsw.tor_expert_bundle_controller.service.impl.Bundle run Message: LOADING  
2016-12-29 11:48:27,238 INFO  [main] com.batsw.tor_expert_bundle_controller.service.impl.Bundle run Message: Dec 29 11:48:27.235 [warn] Path for HiddenServiceDir (./Bundle/Data/Tor/hidden_service/) is relative and will resolve to C:\Users\adria\Documents\InteliJ\TorExpertBundleController\Bundle\Data\Tor\hidden_service\. Is this what you wanted?  
2016-12-29 11:48:27,238 INFO  [main] com.batsw.tor_expert_bundle_controller.service.impl.Bundle run Message: LOADING  
2016-12-29 11:48:27,242 INFO  [main] com.batsw.tor_expert_bundle_controller.service.impl.Bundle run Message: Dec 29 11:48:27.242 [notice] Opening Socks listener on 127.0.0.1:11158  
2016-12-29 11:48:27,243 INFO  [main] com.batsw.tor_expert_bundle_controller.service.impl.Bundle run Message: LOADING  
2016-12-29 11:48:27,255 INFO  [main] com.batsw.tor_expert_bundle_controller.service.impl.Bundle run Message: Dec 29 11:48:27.000 [notice] Parsing GEOIP IPv4 file ./Bundle/Data/Tor/geoip.  
2016-12-29 11:48:27,256 INFO  [main] com.batsw.tor_expert_bundle_controller.service.impl.Bundle run Message: LOADING  
2016-12-29 11:48:27,434 INFO  [main] com.batsw.tor_expert_bundle_controller.service.impl.Bundle run Message: Dec 29 11:48:27.000 [notice] Parsing GEOIP IPv6 file ./Bundle/Data/Tor/geoip6.  
2016-12-29 11:48:27,435 INFO  [main] com.batsw.tor_expert_bundle_controller.service.impl.Bundle run Message: LOADING  
2016-12-29 11:48:27,697 INFO  [main] com.batsw.tor_expert_bundle_controller.service.impl.Bundle run Message: Dec 29 11:48:27.000 [notice] Bootstrapped 0%: Starting  
2016-12-29 11:48:27,697 INFO  [main] com.batsw.tor_expert_bundle_controller.service.impl.Bundle run Message: LOADING  
2016-12-29 11:48:28,047 INFO  [main] com.batsw.tor_expert_bundle_controller.service.impl.Bundle run Message: Dec 29 11:48:28.000 [notice] Bootstrapped 80%: Connecting to the Tor network  
2016-12-29 11:48:28,047 INFO  [main] com.batsw.tor_expert_bundle_controller.service.impl.Bundle run Message: LOADING  
2016-12-29 11:48:33,312 INFO  [main] com.batsw.tor_expert_bundle_controller.service.impl.Bundle run Message: Dec 29 11:48:33.000 [notice] Bootstrapped 85%: Finishing handshake with first hop  
2016-12-29 11:48:33,313 INFO  [main] com.batsw.tor_expert_bundle_controller.service.impl.Bundle run Message: LOADING  
2016-12-29 11:48:33,459 INFO  [main] com.batsw.tor_expert_bundle_controller.service.impl.Bundle run Message: Dec 29 11:48:33.000 [notice] Bootstrapped 90%: Establishing a Tor circuit  
2016-12-29 11:48:33,459 INFO  [main] com.batsw.tor_expert_bundle_controller.service.impl.Bundle run Message: LOADING  
2016-12-29 11:48:34,569 INFO  [main] com.batsw.tor_expert_bundle_controller.service.impl.Bundle run Message: Dec 29 11:48:34.000 [notice] Tor has successfully opened a circuit. Looks like client functionality is working.  
2016-12-29 11:48:34,570 INFO  [main] com.batsw.tor_expert_bundle_controller.service.impl.Bundle run Message: LOADING  
2016-12-29 11:48:34,571 INFO  [main] com.batsw.tor_expert_bundle_controller.service.impl.Bundle run Message: Dec 29 11:48:34.000 [notice] Bootstrapped 100%: Done  
2016-12-29 11:48:34,572 INFO  [main] com.batsw.tor_expert_bundle_controller.service.impl.Bundle run Message: DONE  
2016-12-29 11:48:34,572 INFO  [main] com.batsw.tor_expert_bundle_controller.service.impl.Bundle run Message: Bundle Started  
2016-12-29 11:48:34,573 INFO  [main] com.batsw.tor_expert_bundle_controller.service.impl.HiddenServiceReader getHiddenServiceStatus Message: Hidden service location   
2016-12-29 11:48:34,575 INFO  [main] com.batsw.tor_expert_bundle_controller.service.impl.HiddenServiceReader getHostname Message: Searching for  file hostname in ./Bundle/Data/Tor/hidden_service/  
2016-12-29 11:48:34,576 DEBUG  [main] com.batsw.tor_expert_bundle_controller.common.FileHandler readFile Message: Reading file: ./Bundle/Data/Tor/hidden_service/\hostname  
2016-12-29 11:48:34,590 INFO  [main] com.batsw.tor_expert_bundle_controller.service.impl.Bundle run Message: hostname value: ecdw3wod4uqaufbk.onion  
2016-12-29 11:50:37,962 INFO  [main] com.batsw.tor_expert_bundle_controller.service.impl.Bundle getConfiguration Message: Current directory : C:\Users\adria\Documents\InteliJ\TorExpertBundleController  
2016-12-29 11:50:37,966 INFO  [main] com.batsw.tor_expert_bundle_controller.service.impl.Bundle getConfiguration Message: Reading torchatcfg.json file  
2016-12-29 11:50:37,966 INFO  [main] com.batsw.tor_expert_bundle_controller.service.impl.TorchatConfigReader getConfigurationFile Message: Loading fromC:\Users\adria\Documents\InteliJ\TorExpertBundleController file: torchatcfg.json  
2016-12-29 11:50:37,967 INFO  [main] com.batsw.tor_expert_bundle_controller.service.impl.TorchatConfigReader getFile Message: Reading file C:\Users\adria\Documents\InteliJ\TorExpertBundleController\torchatcfg.json  
2016-12-29 11:50:37,970 DEBUG  [main] com.batsw.tor_expert_bundle_controller.service.impl.TorchatcfgParser parse Message: Start parsing JSON data  
2016-12-29 11:50:37,972 DEBUG  [main] com.batsw.tor_expert_bundle_controller.service.impl.TorchatcfgParser extractJsonObject Message: Start creating JSON object  
2016-12-29 11:50:37,973 INFO  [main] com.batsw.tor_expert_bundle_controller.service.impl.TorchatcfgParser extractJsonObject Message: Data   
2016-12-29 11:50:37,979 DEBUG  [main] com.batsw.tor_expert_bundle_controller.service.impl.TorchatcfgParser extractJsonObject Message: Creating JSON object done  
2016-12-29 11:50:37,979 INFO  [main] com.batsw.tor_expert_bundle_controller.service.impl.TorchatcfgParser parse Message: The following setting were found: 
executableName: tor.exe

configurationFilename: torrc

executablePath: .

configurationFilePath:.

hiddenServicePath./hidden_service
  
2016-12-29 11:50:37,980 DEBUG  [main] com.batsw.tor_expert_bundle_controller.service.impl.TorchatcfgParser parse Message: Parsing JSON done  
2016-12-29 11:50:37,980 INFO  [main] com.batsw.tor_expert_bundle_controller.service.impl.Bundle getConfiguration Message: Reading torchatcfg.json file  
2016-12-29 11:50:37,980 INFO  [main] com.batsw.tor_expert_bundle_controller.service.impl.TorchatConfigReader getConfigurationFile Message: Loading fromC:\Users\adria\Documents\InteliJ\TorExpertBundleController file: torrc  
2016-12-29 11:50:37,980 INFO  [main] com.batsw.tor_expert_bundle_controller.service.impl.TorchatConfigReader getFile Message: Reading file C:\Users\adria\Documents\InteliJ\TorExpertBundleController\torrc  
2016-12-29 11:50:37,982 INFO  [main] com.batsw.tor_expert_bundle_controller.service.impl.TorrcFileParser parse Message: Extracting information from torrc file  
2016-12-29 11:50:37,983 INFO  [main] com.batsw.tor_expert_bundle_controller.service.impl.TorrcFileParser parse Message: SocksPort 11158  
2016-12-29 11:50:37,984 INFO  [main] com.batsw.tor_expert_bundle_controller.service.impl.TorrcFileParser parse Message: HiddenServiceDir ./Bundle/Data/Tor/hidden_service/  
2016-12-29 11:50:37,984 INFO  [main] com.batsw.tor_expert_bundle_controller.service.impl.TorrcFileParser parse Message: HiddenServicePort 8080  
2016-12-29 11:50:37,985 INFO  [main] com.batsw.tor_expert_bundle_controller.service.impl.FilePathService getTorAbsolutePaths Message: Setting absolute path for bundle  
2016-12-29 11:50:37,987 INFO  [main] com.batsw.tor_expert_bundle_controller.service.impl.HiddenServiceReader getHiddenServiceStatus Message: Hidden service location   
2016-12-29 11:50:39,200 INFO  [main] com.batsw.tor_expert_bundle_controller.service.impl.Bundle run Message: Dec 29 11:50:39.198 [notice] Tor v0.2.8.7 (git-263088633a63982a) running on Windows 8 with Libevent 2.0.22-stable, OpenSSL 1.0.1t and Zlib 1.2.8.  
2016-12-29 11:50:39,200 INFO  [main] com.batsw.tor_expert_bundle_controller.service.impl.Bundle run Message: LOADING  
2016-12-29 11:50:39,201 INFO  [main] com.batsw.tor_expert_bundle_controller.service.impl.Bundle run Message: Dec 29 11:50:39.199 [notice] Tor can't help you if you use it wrong! Learn how to be safe at https://www.torproject.org/download/download#warning  
2016-12-29 11:50:39,201 INFO  [main] com.batsw.tor_expert_bundle_controller.service.impl.Bundle run Message: LOADING  
2016-12-29 11:50:39,218 INFO  [main] com.batsw.tor_expert_bundle_controller.service.impl.Bundle run Message: Dec 29 11:50:39.218 [notice] Read configuration file "C:\Users\adria\Documents\InteliJ\TorExpertBundleController\torrc".  
2016-12-29 11:50:39,218 INFO  [main] com.batsw.tor_expert_bundle_controller.service.impl.Bundle run Message: LOADING  
2016-12-29 11:50:39,221 INFO  [main] com.batsw.tor_expert_bundle_controller.service.impl.Bundle run Message: Dec 29 11:50:39.221 [warn] Path for GeoIPFile (./Bundle/Data/Tor/geoip) is relative and will resolve to C:\Users\adria\Documents\InteliJ\TorExpertBundleController\Bundle\Data\Tor\geoip. Is this what you wanted?  
2016-12-29 11:50:39,222 INFO  [main] com.batsw.tor_expert_bundle_controller.service.impl.Bundle run Message: LOADING  
2016-12-29 11:50:39,222 INFO  [main] com.batsw.tor_expert_bundle_controller.service.impl.Bundle run Message: Dec 29 11:50:39.221 [warn] Path for GeoIPv6File (./Bundle/Data/Tor/geoip6) is relative and will resolve to C:\Users\adria\Documents\InteliJ\TorExpertBundleController\Bundle\Data\Tor\geoip6. Is this what you wanted?  
2016-12-29 11:50:39,222 INFO  [main] com.batsw.tor_expert_bundle_controller.service.impl.Bundle run Message: LOADING  
2016-12-29 11:50:39,223 INFO  [main] com.batsw.tor_expert_bundle_controller.service.impl.Bundle run Message: Dec 29 11:50:39.221 [warn] Path for DataDirectory (./Bundle/Data/Tor) is relative and will resolve to C:\Users\adria\Documents\InteliJ\TorExpertBundleController\Bundle\Data\Tor. Is this what you wanted?  
2016-12-29 11:50:39,223 INFO  [main] com.batsw.tor_expert_bundle_controller.service.impl.Bundle run Message: LOADING  
2016-12-29 11:50:39,224 INFO  [main] com.batsw.tor_expert_bundle_controller.service.impl.Bundle run Message: Dec 29 11:50:39.221 [warn] Path for HiddenServiceDir (./Bundle/Data/Tor/hidden_service/) is relative and will resolve to C:\Users\adria\Documents\InteliJ\TorExpertBundleController\Bundle\Data\Tor\hidden_service\. Is this what you wanted?  
2016-12-29 11:50:39,224 INFO  [main] com.batsw.tor_expert_bundle_controller.service.impl.Bundle run Message: LOADING  
2016-12-29 11:50:39,228 INFO  [main] com.batsw.tor_expert_bundle_controller.service.impl.Bundle run Message: Dec 29 11:50:39.227 [notice] Opening Socks listener on 127.0.0.1:11158  
2016-12-29 11:50:39,228 INFO  [main] com.batsw.tor_expert_bundle_controller.service.impl.Bundle run Message: LOADING  
2016-12-29 11:50:39,240 INFO  [main] com.batsw.tor_expert_bundle_controller.service.impl.Bundle run Message: Dec 29 11:50:39.000 [notice] Parsing GEOIP IPv4 file ./Bundle/Data/Tor/geoip.  
2016-12-29 11:50:39,241 INFO  [main] com.batsw.tor_expert_bundle_controller.service.impl.Bundle run Message: LOADING  
2016-12-29 11:50:39,414 INFO  [main] com.batsw.tor_expert_bundle_controller.service.impl.Bundle run Message: Dec 29 11:50:39.000 [notice] Parsing GEOIP IPv6 file ./Bundle/Data/Tor/geoip6.  
2016-12-29 11:50:39,414 INFO  [main] com.batsw.tor_expert_bundle_controller.service.impl.Bundle run Message: LOADING  
2016-12-29 11:50:39,578 INFO  [main] com.batsw.tor_expert_bundle_controller.service.impl.Bundle run Message: Dec 29 11:50:39.000 [notice] Bootstrapped 0%: Starting  
2016-12-29 11:50:39,579 INFO  [main] com.batsw.tor_expert_bundle_controller.service.impl.Bundle run Message: LOADING  
2016-12-29 11:50:39,940 INFO  [main] com.batsw.tor_expert_bundle_controller.service.impl.Bundle run Message: Dec 29 11:50:39.000 [notice] Bootstrapped 80%: Connecting to the Tor network  
2016-12-29 11:50:39,941 INFO  [main] com.batsw.tor_expert_bundle_controller.service.impl.Bundle run Message: LOADING  
2016-12-29 11:50:44,887 INFO  [main] com.batsw.tor_expert_bundle_controller.service.impl.Bundle run Message: Dec 29 11:50:44.000 [notice] Bootstrapped 85%: Finishing handshake with first hop  
2016-12-29 11:50:44,888 INFO  [main] com.batsw.tor_expert_bundle_controller.service.impl.Bundle run Message: LOADING  
2016-12-29 11:50:45,055 INFO  [main] com.batsw.tor_expert_bundle_controller.service.impl.Bundle run Message: Dec 29 11:50:45.000 [notice] Bootstrapped 90%: Establishing a Tor circuit  
2016-12-29 11:50:45,056 INFO  [main] com.batsw.tor_expert_bundle_controller.service.impl.Bundle run Message: LOADING  
2016-12-29 11:50:45,275 INFO  [main] com.batsw.tor_expert_bundle_controller.service.impl.Bundle run Message: Dec 29 11:50:45.000 [notice] Tor has successfully opened a circuit. Looks like client functionality is working.  
2016-12-29 11:50:45,275 INFO  [main] com.batsw.tor_expert_bundle_controller.service.impl.Bundle run Message: LOADING  
2016-12-29 11:50:45,275 INFO  [main] com.batsw.tor_expert_bundle_controller.service.impl.Bundle run Message: Dec 29 11:50:45.000 [notice] Bootstrapped 100%: Done  
2016-12-29 11:50:45,275 INFO  [main] com.batsw.tor_expert_bundle_controller.service.impl.Bundle run Message: DONE  
2016-12-29 11:50:45,275 INFO  [main] com.batsw.tor_expert_bundle_controller.service.impl.Bundle run Message: Bundle Started  
2016-12-29 11:50:45,276 INFO  [main] com.batsw.tor_expert_bundle_controller.service.impl.HiddenServiceReader getHiddenServiceStatus Message: Hidden service location   
2016-12-29 11:50:45,276 INFO  [main] com.batsw.tor_expert_bundle_controller.service.impl.HiddenServiceReader getHostname Message: Searching for  file hostname in ./Bundle/Data/Tor/hidden_service/  
2016-12-29 11:50:45,276 DEBUG  [main] com.batsw.tor_expert_bundle_controller.common.FileHandler readFile Message: Reading file: ./Bundle/Data/Tor/hidden_service/\hostname  
2016-12-29 11:50:45,281 INFO  [main] com.batsw.tor_expert_bundle_controller.service.impl.Bundle run Message: hostname value: ecdw3wod4uqaufbk.onion  
2016-12-29 13:13:21,250 INFO  [main] com.batsw.tor_expert_bundle_controller.service.impl.Bundle getConfiguration Message: Current directory : C:\Users\adria\Documents\InteliJ\TorExpertBundleController  
2016-12-29 13:13:21,254 INFO  [main] com.batsw.tor_expert_bundle_controller.service.impl.Bundle getConfiguration Message: Reading torchatcfg.json file  
2016-12-29 13:13:21,254 INFO  [main] com.batsw.tor_expert_bundle_controller.service.impl.TorchatConfigReader getConfigurationFile Message: Loading fromC:\Users\adria\Documents\InteliJ\TorExpertBundleController file: torchatcfg.json  
2016-12-29 13:13:21,255 INFO  [main] com.batsw.tor_expert_bundle_controller.service.impl.TorchatConfigReader getFile Message: Reading file C:\Users\adria\Documents\InteliJ\TorExpertBundleController\torchatcfg.json  
2016-12-29 13:13:21,260 DEBUG  [main] com.batsw.tor_expert_bundle_controller.service.impl.TorchatcfgParser parse Message: Start parsing JSON data  
2016-12-29 13:13:21,263 DEBUG  [main] com.batsw.tor_expert_bundle_controller.service.impl.TorchatcfgParser extractJsonObject Message: Start creating JSON object  
2016-12-29 13:13:21,266 INFO  [main] com.batsw.tor_expert_bundle_controller.service.impl.TorchatcfgParser extractJsonObject Message: Data   
2016-12-29 13:13:21,274 DEBUG  [main] com.batsw.tor_expert_bundle_controller.service.impl.TorchatcfgParser extractJsonObject Message: Creating JSON object done  
2016-12-29 13:13:21,275 INFO  [main] com.batsw.tor_expert_bundle_controller.service.impl.TorchatcfgParser parse Message: The following setting were found: 
executableName: tor.exe

configurationFilename: torrc

executablePath: .

configurationFilePath:.

hiddenServicePath./hidden_service
  
2016-12-29 13:13:21,275 DEBUG  [main] com.batsw.tor_expert_bundle_controller.service.impl.TorchatcfgParser parse Message: Parsing JSON done  
2016-12-29 13:13:21,275 INFO  [main] com.batsw.tor_expert_bundle_controller.service.impl.Bundle getConfiguration Message: Reading torchatcfg.json file  
2016-12-29 13:13:21,275 INFO  [main] com.batsw.tor_expert_bundle_controller.service.impl.TorchatConfigReader getConfigurationFile Message: Loading fromC:\Users\adria\Documents\InteliJ\TorExpertBundleController file: torrc  
2016-12-29 13:13:21,276 INFO  [main] com.batsw.tor_expert_bundle_controller.service.impl.TorchatConfigReader getFile Message: Reading file C:\Users\adria\Documents\InteliJ\TorExpertBundleController\torrc  
2016-12-29 13:13:21,277 INFO  [main] com.batsw.tor_expert_bundle_controller.service.impl.TorrcFileParser parse Message: Extracting information from torrc file  
2016-12-29 13:13:21,280 INFO  [main] com.batsw.tor_expert_bundle_controller.service.impl.TorrcFileParser parse Message: SocksPort 11158  
2016-12-29 13:13:21,281 INFO  [main] com.batsw.tor_expert_bundle_controller.service.impl.TorrcFileParser parse Message: HiddenServiceDir ./Bundle/Data/Tor/hidden_service/  
2016-12-29 13:13:21,281 INFO  [main] com.batsw.tor_expert_bundle_controller.service.impl.TorrcFileParser parse Message: HiddenServicePort 8080  
2016-12-29 13:13:21,282 INFO  [main] com.batsw.tor_expert_bundle_controller.service.impl.FilePathService getTorAbsolutePaths Message: Setting absolute path for bundle  
2016-12-29 13:13:21,284 INFO  [main] com.batsw.tor_expert_bundle_controller.service.impl.HiddenServiceReader getHiddenServiceStatus Message: Hidden service location   
2016-12-29 13:13:22,781 INFO  [main] com.batsw.tor_expert_bundle_controller.service.impl.Bundle run Message: Dec 29 13:13:22.777 [notice] Tor v0.2.8.7 (git-263088633a63982a) running on Windows 8 with Libevent 2.0.22-stable, OpenSSL 1.0.1t and Zlib 1.2.8.  
2016-12-29 13:13:22,782 INFO  [main] com.batsw.tor_expert_bundle_controller.service.impl.Bundle run Message: LOADING  
2016-12-29 13:13:22,782 INFO  [main] com.batsw.tor_expert_bundle_controller.service.impl.Bundle run Message: Dec 29 13:13:22.780 [notice] Tor can't help you if you use it wrong! Learn how to be safe at https://www.torproject.org/download/download#warning  
2016-12-29 13:13:22,783 INFO  [main] com.batsw.tor_expert_bundle_controller.service.impl.Bundle run Message: LOADING  
2016-12-29 13:13:22,811 INFO  [main] com.batsw.tor_expert_bundle_controller.service.impl.Bundle run Message: Dec 29 13:13:22.810 [notice] Read configuration file "C:\Users\adria\Documents\InteliJ\TorExpertBundleController\torrc".  
2016-12-29 13:13:22,811 INFO  [main] com.batsw.tor_expert_bundle_controller.service.impl.Bundle run Message: LOADING  
2016-12-29 13:13:22,816 INFO  [main] com.batsw.tor_expert_bundle_controller.service.impl.Bundle run Message: Dec 29 13:13:22.816 [warn] Path for GeoIPFile (./Bundle/Data/Tor/geoip) is relative and will resolve to C:\Users\adria\Documents\InteliJ\TorExpertBundleController\Bundle\Data\Tor\geoip. Is this what you wanted?  
2016-12-29 13:13:22,817 INFO  [main] com.batsw.tor_expert_bundle_controller.service.impl.Bundle run Message: LOADING  
2016-12-29 13:13:22,817 INFO  [main] com.batsw.tor_expert_bundle_controller.service.impl.Bundle run Message: Dec 29 13:13:22.816 [warn] Path for GeoIPv6File (./Bundle/Data/Tor/geoip6) is relative and will resolve to C:\Users\adria\Documents\InteliJ\TorExpertBundleController\Bundle\Data\Tor\geoip6. Is this what you wanted?  
2016-12-29 13:13:22,818 INFO  [main] com.batsw.tor_expert_bundle_controller.service.impl.Bundle run Message: LOADING  
2016-12-29 13:13:22,819 INFO  [main] com.batsw.tor_expert_bundle_controller.service.impl.Bundle run Message: Dec 29 13:13:22.816 [warn] Path for DataDirectory (./Bundle/Data/Tor) is relative and will resolve to C:\Users\adria\Documents\InteliJ\TorExpertBundleController\Bundle\Data\Tor. Is this what you wanted?  
2016-12-29 13:13:22,819 INFO  [main] com.batsw.tor_expert_bundle_controller.service.impl.Bundle run Message: LOADING  
2016-12-29 13:13:22,820 INFO  [main] com.batsw.tor_expert_bundle_controller.service.impl.Bundle run Message: Dec 29 13:13:22.816 [warn] Path for HiddenServiceDir (./Bundle/Data/Tor/hidden_service/) is relative and will resolve to C:\Users\adria\Documents\InteliJ\TorExpertBundleController\Bundle\Data\Tor\hidden_service\. Is this what you wanted?  
2016-12-29 13:13:22,821 INFO  [main] com.batsw.tor_expert_bundle_controller.service.impl.Bundle run Message: LOADING  
2016-12-29 13:13:22,828 INFO  [main] com.batsw.tor_expert_bundle_controller.service.impl.Bundle run Message: Dec 29 13:13:22.828 [notice] Opening Socks listener on 127.0.0.1:11158  
2016-12-29 13:13:22,829 INFO  [main] com.batsw.tor_expert_bundle_controller.service.impl.Bundle run Message: LOADING  
2016-12-29 13:13:22,848 INFO  [main] com.batsw.tor_expert_bundle_controller.service.impl.Bundle run Message: Dec 29 13:13:22.000 [notice] Parsing GEOIP IPv4 file ./Bundle/Data/Tor/geoip.  
2016-12-29 13:13:22,848 INFO  [main] com.batsw.tor_expert_bundle_controller.service.impl.Bundle run Message: LOADING  
2016-12-29 13:13:23,063 INFO  [main] com.batsw.tor_expert_bundle_controller.service.impl.Bundle run Message: Dec 29 13:13:23.000 [notice] Parsing GEOIP IPv6 file ./Bundle/Data/Tor/geoip6.  
2016-12-29 13:13:23,064 INFO  [main] com.batsw.tor_expert_bundle_controller.service.impl.Bundle run Message: LOADING  
2016-12-29 13:13:23,267 INFO  [main] com.batsw.tor_expert_bundle_controller.service.impl.Bundle run Message: Dec 29 13:13:23.000 [notice] Bootstrapped 0%: Starting  
2016-12-29 13:13:23,267 INFO  [main] com.batsw.tor_expert_bundle_controller.service.impl.Bundle run Message: LOADING  
2016-12-29 13:13:23,676 INFO  [main] com.batsw.tor_expert_bundle_controller.service.impl.Bundle run Message: Dec 29 13:13:23.000 [notice] Bootstrapped 80%: Connecting to the Tor network  
2016-12-29 13:13:23,676 INFO  [main] com.batsw.tor_expert_bundle_controller.service.impl.Bundle run Message: LOADING  
2016-12-29 13:13:32,156 INFO  [main] com.batsw.tor_expert_bundle_controller.service.impl.Bundle run Message: Dec 29 13:13:32.000 [notice] Bootstrapped 85%: Finishing handshake with first hop  
2016-12-29 13:13:32,156 INFO  [main] com.batsw.tor_expert_bundle_controller.service.impl.Bundle run Message: LOADING  
2016-12-29 13:13:32,304 INFO  [main] com.batsw.tor_expert_bundle_controller.service.impl.Bundle run Message: Dec 29 13:13:32.000 [notice] Bootstrapped 90%: Establishing a Tor circuit  
2016-12-29 13:13:32,305 INFO  [main] com.batsw.tor_expert_bundle_controller.service.impl.Bundle run Message: LOADING  
2016-12-29 13:13:32,677 INFO  [main] com.batsw.tor_expert_bundle_controller.service.impl.Bundle run Message: Dec 29 13:13:32.000 [notice] Tor has successfully opened a circuit. Looks like client functionality is working.  
2016-12-29 13:13:32,677 INFO  [main] com.batsw.tor_expert_bundle_controller.service.impl.Bundle run Message: LOADING  
2016-12-29 13:13:32,678 INFO  [main] com.batsw.tor_expert_bundle_controller.service.impl.Bundle run Message: Dec 29 13:13:32.000 [notice] Bootstrapped 100%: Done  
2016-12-29 13:13:32,678 INFO  [main] com.batsw.tor_expert_bundle_controller.service.impl.Bundle run Message: DONE  
2016-12-29 13:13:32,678 INFO  [main] com.batsw.tor_expert_bundle_controller.service.impl.Bundle run Message: Bundle Started  
2016-12-29 13:13:32,678 INFO  [main] com.batsw.tor_expert_bundle_controller.service.impl.HiddenServiceReader getHiddenServiceStatus Message: Hidden service location   
2016-12-29 13:13:32,679 INFO  [main] com.batsw.tor_expert_bundle_controller.service.impl.HiddenServiceReader getHostname Message: Searching for  file hostname in ./Bundle/Data/Tor/hidden_service/  
2016-12-29 13:13:32,680 DEBUG  [main] com.batsw.tor_expert_bundle_controller.common.FileHandler readFile Message: Reading file: ./Bundle/Data/Tor/hidden_service/\hostname  
2016-12-29 13:13:32,685 INFO  [main] com.batsw.tor_expert_bundle_controller.service.impl.Bundle run Message: hostname value: ecdw3wod4uqaufbk.onion  
2016-12-29 16:45:28,026 INFO  [main] com.batsw.tor_expert_bundle_controller.service.impl.Bundle getConfiguration Message: Current directory : C:\Users\adria\Documents\InteliJ\TorExpertBundleController  
2016-12-29 16:45:28,029 INFO  [main] com.batsw.tor_expert_bundle_controller.service.impl.Bundle getConfiguration Message: Reading torchatcfg.json file  
2016-12-29 16:45:28,029 INFO  [main] com.batsw.tor_expert_bundle_controller.service.impl.TorchatConfigReader getConfigurationFile Message: Loading fromC:\Users\adria\Documents\InteliJ\TorExpertBundleController file: torchatcfg.json  
2016-12-29 16:45:28,029 INFO  [main] com.batsw.tor_expert_bundle_controller.service.impl.TorchatConfigReader getFile Message: Reading file C:\Users\adria\Documents\InteliJ\TorExpertBundleController\torchatcfg.json  
2016-12-29 16:45:28,034 DEBUG  [main] com.batsw.tor_expert_bundle_controller.service.impl.TorchatcfgParser parse Message: Start parsing JSON data  
2016-12-29 16:45:28,047 DEBUG  [main] com.batsw.tor_expert_bundle_controller.service.impl.TorchatcfgParser extractJsonObject Message: Start creating JSON object  
2016-12-29 16:45:28,049 INFO  [main] com.batsw.tor_expert_bundle_controller.service.impl.TorchatcfgParser extractJsonObject Message: Data   
2016-12-29 16:45:28,056 DEBUG  [main] com.batsw.tor_expert_bundle_controller.service.impl.TorchatcfgParser extractJsonObject Message: Creating JSON object done  
2016-12-29 16:45:28,057 INFO  [main] com.batsw.tor_expert_bundle_controller.service.impl.TorchatcfgParser parse Message: The following setting were found: 
executableName: tor.exe

configurationFilename: torrc

executablePath: .

configurationFilePath:.

hiddenServicePath./hidden_service
  
2016-12-29 16:45:28,057 DEBUG  [main] com.batsw.tor_expert_bundle_controller.service.impl.TorchatcfgParser parse Message: Parsing JSON done  
2016-12-29 16:45:28,057 INFO  [main] com.batsw.tor_expert_bundle_controller.service.impl.Bundle getConfiguration Message: Reading torchatcfg.json file  
2016-12-29 16:45:28,058 INFO  [main] com.batsw.tor_expert_bundle_controller.service.impl.TorchatConfigReader getConfigurationFile Message: Loading fromC:\Users\adria\Documents\InteliJ\TorExpertBundleController file: torrc  
2016-12-29 16:45:28,058 INFO  [main] com.batsw.tor_expert_bundle_controller.service.impl.TorchatConfigReader getFile Message: Reading file C:\Users\adria\Documents\InteliJ\TorExpertBundleController\torrc  
2016-12-29 16:45:28,059 INFO  [main] com.batsw.tor_expert_bundle_controller.service.impl.TorrcFileParser parse Message: Extracting information from torrc file  
2016-12-29 16:45:28,061 INFO  [main] com.batsw.tor_expert_bundle_controller.service.impl.TorrcFileParser parse Message: SocksPort 11158  
2016-12-29 16:45:28,061 INFO  [main] com.batsw.tor_expert_bundle_controller.service.impl.TorrcFileParser parse Message: HiddenServiceDir ./Bundle/Data/Tor/hidden_service/  
2016-12-29 16:45:28,062 INFO  [main] com.batsw.tor_expert_bundle_controller.service.impl.TorrcFileParser parse Message: HiddenServicePort 8080  
2016-12-29 16:45:28,076 INFO  [main] com.batsw.tor_expert_bundle_controller.service.impl.FilePathService getTorAbsolutePaths Message: Setting absolute path for bundle  
2016-12-29 16:45:28,079 INFO  [main] com.batsw.tor_expert_bundle_controller.service.impl.HiddenServiceReader getHiddenServiceStatus Message: Hidden service location   
2016-12-29 16:45:29,306 INFO  [main] com.batsw.tor_expert_bundle_controller.service.impl.Bundle run Message: Dec 29 16:45:29.296 [notice] Tor v0.2.8.7 (git-263088633a63982a) running on Windows 8 with Libevent 2.0.22-stable, OpenSSL 1.0.1t and Zlib 1.2.8.  
2016-12-29 16:45:29,307 INFO  [main] com.batsw.tor_expert_bundle_controller.service.impl.Bundle run Message: LOADING  
2016-12-29 16:45:29,307 INFO  [main] com.batsw.tor_expert_bundle_controller.service.impl.Bundle run Message: Dec 29 16:45:29.299 [notice] Tor can't help you if you use it wrong! Learn how to be safe at https://www.torproject.org/download/download#warning  
2016-12-29 16:45:29,307 INFO  [main] com.batsw.tor_expert_bundle_controller.service.impl.Bundle run Message: LOADING  
2016-12-29 16:45:29,317 INFO  [main] com.batsw.tor_expert_bundle_controller.service.impl.Bundle run Message: Dec 29 16:45:29.317 [notice] Read configuration file "C:\Users\adria\Documents\InteliJ\TorExpertBundleController\torrc".  
2016-12-29 16:45:29,317 INFO  [main] com.batsw.tor_expert_bundle_controller.service.impl.Bundle run Message: LOADING  
2016-12-29 16:45:29,321 INFO  [main] com.batsw.tor_expert_bundle_controller.service.impl.Bundle run Message: Dec 29 16:45:29.321 [warn] Path for GeoIPFile (./Bundle/Data/Tor/geoip) is relative and will resolve to C:\Users\adria\Documents\InteliJ\TorExpertBundleController\Bundle\Data\Tor\geoip. Is this what you wanted?  
2016-12-29 16:45:29,322 INFO  [main] com.batsw.tor_expert_bundle_controller.service.impl.Bundle run Message: LOADING  
2016-12-29 16:45:29,322 INFO  [main] com.batsw.tor_expert_bundle_controller.service.impl.Bundle run Message: Dec 29 16:45:29.321 [warn] Path for GeoIPv6File (./Bundle/Data/Tor/geoip6) is relative and will resolve to C:\Users\adria\Documents\InteliJ\TorExpertBundleController\Bundle\Data\Tor\geoip6. Is this what you wanted?  
2016-12-29 16:45:29,323 INFO  [main] com.batsw.tor_expert_bundle_controller.service.impl.Bundle run Message: LOADING  
2016-12-29 16:45:29,323 INFO  [main] com.batsw.tor_expert_bundle_controller.service.impl.Bundle run Message: Dec 29 16:45:29.321 [warn] Path for DataDirectory (./Bundle/Data/Tor) is relative and will resolve to C:\Users\adria\Documents\InteliJ\TorExpertBundleController\Bundle\Data\Tor. Is this what you wanted?  
2016-12-29 16:45:29,324 INFO  [main] com.batsw.tor_expert_bundle_controller.service.impl.Bundle run Message: LOADING  
2016-12-29 16:45:29,324 INFO  [main] com.batsw.tor_expert_bundle_controller.service.impl.Bundle run Message: Dec 29 16:45:29.321 [warn] Path for HiddenServiceDir (./Bundle/Data/Tor/hidden_service/) is relative and will resolve to C:\Users\adria\Documents\InteliJ\TorExpertBundleController\Bundle\Data\Tor\hidden_service\. Is this what you wanted?  
2016-12-29 16:45:29,325 INFO  [main] com.batsw.tor_expert_bundle_controller.service.impl.Bundle run Message: LOADING  
2016-12-29 16:45:29,329 INFO  [main] com.batsw.tor_expert_bundle_controller.service.impl.Bundle run Message: Dec 29 16:45:29.329 [notice] Opening Socks listener on 127.0.0.1:11158  
2016-12-29 16:45:29,330 INFO  [main] com.batsw.tor_expert_bundle_controller.service.impl.Bundle run Message: LOADING  
2016-12-29 16:45:29,343 INFO  [main] com.batsw.tor_expert_bundle_controller.service.impl.Bundle run Message: Dec 29 16:45:29.000 [notice] Parsing GEOIP IPv4 file ./Bundle/Data/Tor/geoip.  
2016-12-29 16:45:29,343 INFO  [main] com.batsw.tor_expert_bundle_controller.service.impl.Bundle run Message: LOADING  
2016-12-29 16:45:29,517 INFO  [main] com.batsw.tor_expert_bundle_controller.service.impl.Bundle run Message: Dec 29 16:45:29.000 [notice] Parsing GEOIP IPv6 file ./Bundle/Data/Tor/geoip6.  
2016-12-29 16:45:29,517 INFO  [main] com.batsw.tor_expert_bundle_controller.service.impl.Bundle run Message: LOADING  
2016-12-29 16:45:29,730 INFO  [main] com.batsw.tor_expert_bundle_controller.service.impl.Bundle run Message: Dec 29 16:45:29.000 [notice] Bootstrapped 0%: Starting  
2016-12-29 16:45:29,730 INFO  [main] com.batsw.tor_expert_bundle_controller.service.impl.Bundle run Message: LOADING  
2016-12-29 16:45:30,092 INFO  [main] com.batsw.tor_expert_bundle_controller.service.impl.Bundle run Message: Dec 29 16:45:30.000 [notice] Bootstrapped 80%: Connecting to the Tor network  
2016-12-29 16:45:30,092 INFO  [main] com.batsw.tor_expert_bundle_controller.service.impl.Bundle run Message: LOADING  
2016-12-29 16:45:34,924 INFO  [main] com.batsw.tor_expert_bundle_controller.service.impl.Bundle run Message: Dec 29 16:45:34.000 [notice] Bootstrapped 85%: Finishing handshake with first hop  
2016-12-29 16:45:34,925 INFO  [main] com.batsw.tor_expert_bundle_controller.service.impl.Bundle run Message: LOADING  
2016-12-29 16:45:35,086 INFO  [main] com.batsw.tor_expert_bundle_controller.service.impl.Bundle run Message: Dec 29 16:45:35.000 [notice] Bootstrapped 90%: Establishing a Tor circuit  
2016-12-29 16:45:35,087 INFO  [main] com.batsw.tor_expert_bundle_controller.service.impl.Bundle run Message: LOADING  
2016-12-29 16:45:35,309 INFO  [main] com.batsw.tor_expert_bundle_controller.service.impl.Bundle run Message: Dec 29 16:45:35.000 [notice] Tor has successfully opened a circuit. Looks like client functionality is working.  
2016-12-29 16:45:35,310 INFO  [main] com.batsw.tor_expert_bundle_controller.service.impl.Bundle run Message: LOADING  
2016-12-29 16:45:35,310 INFO  [main] com.batsw.tor_expert_bundle_controller.service.impl.Bundle run Message: Dec 29 16:45:35.000 [notice] Bootstrapped 100%: Done  
2016-12-29 16:45:35,310 INFO  [main] com.batsw.tor_expert_bundle_controller.service.impl.Bundle run Message: DONE  
2016-12-29 16:45:35,310 INFO  [main] com.batsw.tor_expert_bundle_controller.service.impl.Bundle run Message: Bundle Started  
2016-12-29 16:45:35,311 INFO  [main] com.batsw.tor_expert_bundle_controller.service.impl.HiddenServiceReader getHiddenServiceStatus Message: Hidden service location   
2016-12-29 16:45:35,311 INFO  [main] com.batsw.tor_expert_bundle_controller.service.impl.HiddenServiceReader getHostname Message: Searching for  file hostname in ./Bundle/Data/Tor/hidden_service/  
2016-12-29 16:45:35,312 DEBUG  [main] com.batsw.tor_expert_bundle_controller.common.FileHandler readFile Message: Reading file: ./Bundle/Data/Tor/hidden_service/\hostname  
2016-12-29 16:45:35,316 INFO  [main] com.batsw.tor_expert_bundle_controller.service.impl.Bundle run Message: hostname value: ecdw3wod4uqaufbk.onion  
